2023-07-23 15:07:474 INFO  HomePage :39 - Click on register Link [[ChromeDriver: chrome on windows (934f8c02213318544a34aeeb15e3508d)] -> xpath: //a[contains(text(),'Register')]]
2023-07-23 15:07:495 INFO  RegisterPage :94 - Getting text from : [[ChromeDriver: chrome on windows (934f8c02213318544a34aeeb15e3508d)] -> xpath: //h1[contains(text(),'Register')]]
2023-07-23 15:07:642 INFO  HomePage :39 - Click on register Link [[ChromeDriver: chrome on windows (da9068e9747d3b990de2e89d8b323e4c)] -> xpath: //a[contains(text(),'Register')]]
2023-07-23 15:07:693 INFO  RegisterPage :101 - Click on Button [[ChromeDriver: chrome on windows (da9068e9747d3b990de2e89d8b323e4c)] -> xpath: //button[@id='register-button']]
2023-07-23 15:07:711 INFO  RegisterPage :106 - Enter First Name : [[ChromeDriver: chrome on windows (da9068e9747d3b990de2e89d8b323e4c)] -> xpath: //span[@id='FirstName-error']]
2023-07-23 15:07:731 INFO  RegisterPage :112 - Enter First Name : [[ChromeDriver: chrome on windows (da9068e9747d3b990de2e89d8b323e4c)] -> xpath: //span[@id='LastName-error']]
2023-07-23 15:07:944 INFO  HomePage :39 - Click on register Link [[ChromeDriver: chrome on windows (d49717b1a3253b68b09a14bf901e18a0)] -> xpath: //a[contains(text(),'Register')]]
2023-07-23 15:07:989 INFO  RegisterPage :138 - Click on Button [[ChromeDriver: chrome on windows (d49717b1a3253b68b09a14bf901e18a0)] -> xpath: //input[@id='gender-female']]
2023-07-23 15:07:34 INFO  RegisterPage :144 - Enter First Name : [[ChromeDriver: chrome on windows (d49717b1a3253b68b09a14bf901e18a0)] -> xpath: //input[@id='FirstName']]
2023-07-23 15:07:82 INFO  RegisterPage :150 - Enter Last Name : [[ChromeDriver: chrome on windows (d49717b1a3253b68b09a14bf901e18a0)] -> xpath: //input[@id='LastName']]
2023-07-23 15:07:148 INFO  RegisterPage :157 - Select Day : [[ChromeDriver: chrome on windows (d49717b1a3253b68b09a14bf901e18a0)] -> name: DateOfBirthDay]
2023-07-23 15:07:203 INFO  RegisterPage :164 - Select Month : [[ChromeDriver: chrome on windows (d49717b1a3253b68b09a14bf901e18a0)] -> name: DateOfBirthMonth]
2023-07-23 15:07:256 INFO  RegisterPage :170 - Select Year : [[ChromeDriver: chrome on windows (d49717b1a3253b68b09a14bf901e18a0)] -> name: DateOfBirthYear]
2023-07-23 15:07:306 INFO  RegisterPage :175 - Enter Email : [[ChromeDriver: chrome on windows (d49717b1a3253b68b09a14bf901e18a0)] -> xpath: //input[@id='Email']]
2023-07-23 15:07:356 INFO  RegisterPage :180 - Enter password : [[ChromeDriver: chrome on windows (d49717b1a3253b68b09a14bf901e18a0)] -> xpath: //input[@id='Password']]
2023-07-23 15:07:400 INFO  RegisterPage :186 - Enter password : [[ChromeDriver: chrome on windows (d49717b1a3253b68b09a14bf901e18a0)] -> xpath: //input[@id='ConfirmPassword']]
2023-07-23 15:07:961 INFO  RegisterPage :101 - Click on Button [[ChromeDriver: chrome on windows (d49717b1a3253b68b09a14bf901e18a0)] -> xpath: //button[@id='register-button']]
2023-07-23 15:07:975 INFO  RegisterPage :197 - Getting text from : [[ChromeDriver: chrome on windows (d49717b1a3253b68b09a14bf901e18a0)] -> xpath: //div[contains(text(),'Your registration completed')]]
2023-07-23 15:07:296 INFO  HomePage :39 - Click on register Link [[ChromeDriver: chrome on windows (a87d5bb9afe8328ea03ec67137ddbe42)] -> xpath: //a[contains(text(),'Register')]]
2023-07-23 15:07:317 INFO  RegisterPage :94 - Getting text from : [[ChromeDriver: chrome on windows (a87d5bb9afe8328ea03ec67137ddbe42)] -> xpath: //h1[contains(text(),'Register')]]
2023-07-23 15:07:550 INFO  HomePage :39 - Click on register Link [[ChromeDriver: chrome on windows (b25ec0b5d846a3c5ab52a262a9e0ce7c)] -> xpath: //a[contains(text(),'Register')]]
2023-07-23 15:07:599 INFO  RegisterPage :101 - Click on Button [[ChromeDriver: chrome on windows (b25ec0b5d846a3c5ab52a262a9e0ce7c)] -> xpath: //button[@id='register-button']]
2023-07-23 15:07:710 INFO  HomePage :39 - Click on register Link [[ChromeDriver: chrome on windows (c283ce1e58cd2072505a131c6d412912)] -> xpath: //a[contains(text(),'Register')]]
2023-07-23 15:07:754 INFO  RegisterPage :138 - Click on Button [[ChromeDriver: chrome on windows (c283ce1e58cd2072505a131c6d412912)] -> xpath: //input[@id='gender-female']]
2023-07-23 15:07:802 INFO  RegisterPage :144 - Enter First Name : [[ChromeDriver: chrome on windows (c283ce1e58cd2072505a131c6d412912)] -> xpath: //input[@id='FirstName']]
2023-07-23 15:07:846 INFO  RegisterPage :150 - Enter Last Name : [[ChromeDriver: chrome on windows (c283ce1e58cd2072505a131c6d412912)] -> xpath: //input[@id='LastName']]
2023-07-23 15:07:915 INFO  RegisterPage :157 - Select Day : [[ChromeDriver: chrome on windows (c283ce1e58cd2072505a131c6d412912)] -> name: DateOfBirthDay]
2023-07-23 15:07:969 INFO  RegisterPage :164 - Select Month : [[ChromeDriver: chrome on windows (c283ce1e58cd2072505a131c6d412912)] -> name: DateOfBirthMonth]
2023-07-23 15:07:23 INFO  RegisterPage :170 - Select Year : [[ChromeDriver: chrome on windows (c283ce1e58cd2072505a131c6d412912)] -> name: DateOfBirthYear]
2023-07-23 15:07:70 INFO  RegisterPage :175 - Enter Email : [[ChromeDriver: chrome on windows (c283ce1e58cd2072505a131c6d412912)] -> xpath: //input[@id='Email']]
2023-07-23 15:07:111 INFO  RegisterPage :180 - Enter password : [[ChromeDriver: chrome on windows (c283ce1e58cd2072505a131c6d412912)] -> xpath: //input[@id='Password']]
2023-07-23 15:07:154 INFO  RegisterPage :186 - Enter password : [[ChromeDriver: chrome on windows (c283ce1e58cd2072505a131c6d412912)] -> xpath: //input[@id='ConfirmPassword']]
2023-07-23 15:07:445 INFO  RegisterPage :101 - Click on Button [[ChromeDriver: chrome on windows (c283ce1e58cd2072505a131c6d412912)] -> xpath: //button[@id='register-button']]
2023-07-23 15:07:486 INFO  RegisterPage :197 - Getting text from : Proxy element for: DefaultElementLocator 'By.xpath: //div[contains(text(),'Your registration completed')]'
2023-07-23 15:07:771 INFO  HomePage :39 - Click on register Link [[ChromeDriver: chrome on windows (27edb0ccf1c2bba91eecfb5a7419283f)] -> xpath: //a[contains(text(),'Register')]]
2023-07-23 15:07:790 INFO  RegisterPage :94 - Getting text from : [[ChromeDriver: chrome on windows (27edb0ccf1c2bba91eecfb5a7419283f)] -> xpath: //h1[contains(text(),'Register')]]
2023-07-23 15:07:04 INFO  HomePage :39 - Click on register Link [[ChromeDriver: chrome on windows (0256d35e8611a42fe3b8dd4b3d5ae507)] -> xpath: //a[contains(text(),'Register')]]
2023-07-23 15:07:54 INFO  RegisterPage :101 - Click on Button [[ChromeDriver: chrome on windows (0256d35e8611a42fe3b8dd4b3d5ae507)] -> xpath: //button[@id='register-button']]
2023-07-23 15:07:317 INFO  HomePage :39 - Click on register Link [[ChromeDriver: chrome on windows (2b9d7d66fb1d708c7264276884ec653c)] -> xpath: //a[contains(text(),'Register')]]
2023-07-23 15:07:361 INFO  RegisterPage :138 - Click on Button [[ChromeDriver: chrome on windows (2b9d7d66fb1d708c7264276884ec653c)] -> xpath: //input[@id='gender-female']]
2023-07-23 15:07:408 INFO  RegisterPage :144 - Enter First Name : [[ChromeDriver: chrome on windows (2b9d7d66fb1d708c7264276884ec653c)] -> xpath: //input[@id='FirstName']]
2023-07-23 15:07:453 INFO  RegisterPage :150 - Enter Last Name : [[ChromeDriver: chrome on windows (2b9d7d66fb1d708c7264276884ec653c)] -> xpath: //input[@id='LastName']]
2023-07-23 15:07:518 INFO  RegisterPage :157 - Select Day : [[ChromeDriver: chrome on windows (2b9d7d66fb1d708c7264276884ec653c)] -> name: DateOfBirthDay]
2023-07-23 15:07:575 INFO  RegisterPage :164 - Select Month : [[ChromeDriver: chrome on windows (2b9d7d66fb1d708c7264276884ec653c)] -> name: DateOfBirthMonth]
2023-07-23 15:07:629 INFO  RegisterPage :170 - Select Year : [[ChromeDriver: chrome on windows (2b9d7d66fb1d708c7264276884ec653c)] -> name: DateOfBirthYear]
2023-07-23 15:07:679 INFO  RegisterPage :175 - Enter Email : [[ChromeDriver: chrome on windows (2b9d7d66fb1d708c7264276884ec653c)] -> xpath: //input[@id='Email']]
2023-07-23 15:07:726 INFO  RegisterPage :180 - Enter password : [[ChromeDriver: chrome on windows (2b9d7d66fb1d708c7264276884ec653c)] -> xpath: //input[@id='Password']]
2023-07-23 15:07:772 INFO  RegisterPage :186 - Enter password : [[ChromeDriver: chrome on windows (2b9d7d66fb1d708c7264276884ec653c)] -> xpath: //input[@id='ConfirmPassword']]
2023-07-23 15:07:88 INFO  RegisterPage :101 - Click on Button [[ChromeDriver: chrome on windows (2b9d7d66fb1d708c7264276884ec653c)] -> xpath: //button[@id='register-button']]
2023-07-23 15:07:431 INFO  HomePage :39 - Click on register Link [[ChromeDriver: chrome on windows (544a0f7a561e00e76c3e4736aa3b9672)] -> xpath: //a[contains(text(),'Register')]]
2023-07-23 15:07:451 INFO  RegisterPage :94 - Getting text from : [[ChromeDriver: chrome on windows (544a0f7a561e00e76c3e4736aa3b9672)] -> xpath: //h1[contains(text(),'Register')]]
2023-07-23 15:07:728 INFO  HomePage :39 - Click on register Link [[ChromeDriver: chrome on windows (cb685d9b8ac0d3c21ac362b9c5d4b2b3)] -> xpath: //a[contains(text(),'Register')]]
2023-07-23 15:07:777 INFO  RegisterPage :101 - Click on Button [[ChromeDriver: chrome on windows (cb685d9b8ac0d3c21ac362b9c5d4b2b3)] -> xpath: //button[@id='register-button']]
2023-07-23 15:07:62 INFO  HomePage :39 - Click on register Link [[ChromeDriver: chrome on windows (0b511e4b44907d746e45817108462ea3)] -> xpath: //a[contains(text(),'Register')]]
2023-07-23 15:07:107 INFO  RegisterPage :138 - Click on Button [[ChromeDriver: chrome on windows (0b511e4b44907d746e45817108462ea3)] -> xpath: //input[@id='gender-female']]
2023-07-23 15:07:154 INFO  RegisterPage :144 - Enter First Name : [[ChromeDriver: chrome on windows (0b511e4b44907d746e45817108462ea3)] -> xpath: //input[@id='FirstName']]
2023-07-23 15:07:204 INFO  RegisterPage :150 - Enter Last Name : [[ChromeDriver: chrome on windows (0b511e4b44907d746e45817108462ea3)] -> xpath: //input[@id='LastName']]
2023-07-23 15:07:271 INFO  RegisterPage :157 - Select Day : [[ChromeDriver: chrome on windows (0b511e4b44907d746e45817108462ea3)] -> name: DateOfBirthDay]
2023-07-23 15:07:328 INFO  RegisterPage :164 - Select Month : [[ChromeDriver: chrome on windows (0b511e4b44907d746e45817108462ea3)] -> name: DateOfBirthMonth]
2023-07-23 15:07:380 INFO  RegisterPage :170 - Select Year : [[ChromeDriver: chrome on windows (0b511e4b44907d746e45817108462ea3)] -> name: DateOfBirthYear]
2023-07-23 15:07:428 INFO  RegisterPage :175 - Enter Email : [[ChromeDriver: chrome on windows (0b511e4b44907d746e45817108462ea3)] -> xpath: //input[@id='Email']]
2023-07-23 15:07:476 INFO  RegisterPage :180 - Enter password : [[ChromeDriver: chrome on windows (0b511e4b44907d746e45817108462ea3)] -> xpath: //input[@id='Password']]
2023-07-23 15:07:518 INFO  RegisterPage :186 - Enter password : [[ChromeDriver: chrome on windows (0b511e4b44907d746e45817108462ea3)] -> xpath: //input[@id='ConfirmPassword']]
2023-07-23 15:07:100 INFO  RegisterPage :101 - Click on Button [[ChromeDriver: chrome on windows (0b511e4b44907d746e45817108462ea3)] -> xpath: //button[@id='register-button']]
2023-07-23 15:07:110 INFO  RegisterPage :197 - Getting text from : [[ChromeDriver: chrome on windows (0b511e4b44907d746e45817108462ea3)] -> xpath: //div[contains(text(),'Your registration completed')]]
2023-07-23 15:07:403 INFO  HomePage :39 - Click on register Link [[ChromeDriver: chrome on windows (f6dec37c412509db277d5dafb4cb74f5)] -> xpath: //a[contains(text(),'Register')]]
2023-07-23 15:07:422 INFO  RegisterPage :94 - Getting text from : [[ChromeDriver: chrome on windows (f6dec37c412509db277d5dafb4cb74f5)] -> xpath: //h1[contains(text(),'Register')]]
2023-07-23 15:07:529 INFO  HomePage :39 - Click on register Link [[ChromeDriver: chrome on windows (4c57eebfbcfa5531694eac4eeb6be20f)] -> xpath: //a[contains(text(),'Register')]]
2023-07-23 15:07:577 INFO  RegisterPage :101 - Click on Button [[ChromeDriver: chrome on windows (4c57eebfbcfa5531694eac4eeb6be20f)] -> xpath: //button[@id='register-button']]
2023-07-23 15:07:679 INFO  HomePage :39 - Click on register Link [[ChromeDriver: chrome on windows (0096f017dc2e235bf7cc1380f55e84b7)] -> xpath: //a[contains(text(),'Register')]]
2023-07-23 15:07:720 INFO  RegisterPage :138 - Click on Button [[ChromeDriver: chrome on windows (0096f017dc2e235bf7cc1380f55e84b7)] -> xpath: //input[@id='gender-female']]
2023-07-23 15:07:770 INFO  RegisterPage :144 - Enter First Name : [[ChromeDriver: chrome on windows (0096f017dc2e235bf7cc1380f55e84b7)] -> xpath: //input[@id='FirstName']]
2023-07-23 15:07:817 INFO  RegisterPage :150 - Enter Last Name : [[ChromeDriver: chrome on windows (0096f017dc2e235bf7cc1380f55e84b7)] -> xpath: //input[@id='LastName']]
2023-07-23 15:07:883 INFO  RegisterPage :157 - Select Day : [[ChromeDriver: chrome on windows (0096f017dc2e235bf7cc1380f55e84b7)] -> name: DateOfBirthDay]
2023-07-23 15:07:937 INFO  RegisterPage :164 - Select Month : [[ChromeDriver: chrome on windows (0096f017dc2e235bf7cc1380f55e84b7)] -> name: DateOfBirthMonth]
2023-07-23 15:07:991 INFO  RegisterPage :170 - Select Year : [[ChromeDriver: chrome on windows (0096f017dc2e235bf7cc1380f55e84b7)] -> name: DateOfBirthYear]
2023-07-23 15:07:39 INFO  RegisterPage :175 - Enter Email : [[ChromeDriver: chrome on windows (0096f017dc2e235bf7cc1380f55e84b7)] -> xpath: //input[@id='Email']]
2023-07-23 15:07:85 INFO  RegisterPage :180 - Enter password : [[ChromeDriver: chrome on windows (0096f017dc2e235bf7cc1380f55e84b7)] -> xpath: //input[@id='Password']]
2023-07-23 15:07:126 INFO  RegisterPage :186 - Enter password : [[ChromeDriver: chrome on windows (0096f017dc2e235bf7cc1380f55e84b7)] -> xpath: //input[@id='ConfirmPassword']]
2023-07-23 15:07:406 INFO  RegisterPage :101 - Click on Button [[ChromeDriver: chrome on windows (0096f017dc2e235bf7cc1380f55e84b7)] -> xpath: //button[@id='register-button']]
2023-07-23 15:07:964 INFO  RegisterPage :197 - Getting text from : Proxy element for: DefaultElementLocator 'By.xpath: //div[contains(text(),'Your registration completed')]'
2023-07-23 16:07:474 INFO  HomePage :39 - Click on register Link [[ChromeDriver: chrome on windows (73bf330efe4c57bbaa528426cbeaa9ca)] -> xpath: //a[contains(text(),'Register')]]
2023-07-23 16:07:495 INFO  RegisterPage :94 - Getting text from : [[ChromeDriver: chrome on windows (73bf330efe4c57bbaa528426cbeaa9ca)] -> xpath: //h1[contains(text(),'Register')]]
2023-07-23 16:07:658 INFO  HomePage :39 - Click on register Link [[ChromeDriver: chrome on windows (e12da25d28e569f92f3e5db0e30ff0f1)] -> xpath: //a[contains(text(),'Register')]]
2023-07-23 16:07:707 INFO  RegisterPage :101 - Click on Button [[ChromeDriver: chrome on windows (e12da25d28e569f92f3e5db0e30ff0f1)] -> xpath: //button[@id='register-button']]
2023-07-23 16:07:721 INFO  RegisterPage :106 - Enter First Name : [[ChromeDriver: chrome on windows (e12da25d28e569f92f3e5db0e30ff0f1)] -> xpath: //span[@id='FirstName-error']]
2023-07-23 16:07:738 INFO  RegisterPage :112 - Enter First Name : [[ChromeDriver: chrome on windows (e12da25d28e569f92f3e5db0e30ff0f1)] -> xpath: //span[@id='LastName-error']]
2023-07-23 16:07:859 INFO  HomePage :39 - Click on register Link [[ChromeDriver: chrome on windows (9dd8188cc71d1465fbf4ca128d02d628)] -> xpath: //a[contains(text(),'Register')]]
2023-07-23 16:07:899 INFO  RegisterPage :138 - Click on Button [[ChromeDriver: chrome on windows (9dd8188cc71d1465fbf4ca128d02d628)] -> xpath: //input[@id='gender-female']]
2023-07-23 16:07:948 INFO  RegisterPage :144 - Enter First Name : [[ChromeDriver: chrome on windows (9dd8188cc71d1465fbf4ca128d02d628)] -> xpath: //input[@id='FirstName']]
2023-07-23 16:07:993 INFO  RegisterPage :150 - Enter Last Name : [[ChromeDriver: chrome on windows (9dd8188cc71d1465fbf4ca128d02d628)] -> xpath: //input[@id='LastName']]
2023-07-23 16:07:63 INFO  RegisterPage :157 - Select Day : [[ChromeDriver: chrome on windows (9dd8188cc71d1465fbf4ca128d02d628)] -> name: DateOfBirthDay]
2023-07-23 16:07:115 INFO  RegisterPage :164 - Select Month : [[ChromeDriver: chrome on windows (9dd8188cc71d1465fbf4ca128d02d628)] -> name: DateOfBirthMonth]
2023-07-23 16:07:168 INFO  RegisterPage :170 - Select Year : [[ChromeDriver: chrome on windows (9dd8188cc71d1465fbf4ca128d02d628)] -> name: DateOfBirthYear]
2023-07-23 16:07:215 INFO  RegisterPage :175 - Enter Email : [[ChromeDriver: chrome on windows (9dd8188cc71d1465fbf4ca128d02d628)] -> xpath: //input[@id='Email']]
2023-07-23 16:07:258 INFO  RegisterPage :180 - Enter password : [[ChromeDriver: chrome on windows (9dd8188cc71d1465fbf4ca128d02d628)] -> xpath: //input[@id='Password']]
2023-07-23 16:07:300 INFO  RegisterPage :186 - Enter password : [[ChromeDriver: chrome on windows (9dd8188cc71d1465fbf4ca128d02d628)] -> xpath: //input[@id='ConfirmPassword']]
2023-07-23 16:07:586 INFO  RegisterPage :101 - Click on Button [[ChromeDriver: chrome on windows (9dd8188cc71d1465fbf4ca128d02d628)] -> xpath: //button[@id='register-button']]
2023-07-23 16:07:345 INFO  RegisterPage :197 - Getting text from : Proxy element for: DefaultElementLocator 'By.xpath: //div[contains(text(),'Your registration completed')]'
2023-07-23 16:07:701 INFO  HomePage :39 - Click on register Link [[ChromeDriver: chrome on windows (c52247924d42a30baebfae9cb763e119)] -> xpath: //a[contains(text(),'Register')]]
2023-07-23 16:07:719 INFO  RegisterPage :94 - Getting text from : [[ChromeDriver: chrome on windows (c52247924d42a30baebfae9cb763e119)] -> xpath: //h1[contains(text(),'Register')]]
2023-07-23 16:07:542 INFO  HomePage :39 - Click on register Link [[ChromeDriver: chrome on windows (4b03195b7345a7dc1f19ca2641ecf1a1)] -> xpath: //a[contains(text(),'Register')]]
2023-07-23 16:07:591 INFO  RegisterPage :101 - Click on Button [[ChromeDriver: chrome on windows (4b03195b7345a7dc1f19ca2641ecf1a1)] -> xpath: //button[@id='register-button']]
2023-07-23 16:07:849 INFO  HomePage :39 - Click on register Link [[ChromeDriver: chrome on windows (4176649ffb32713d57b4e00bedb99b81)] -> xpath: //a[contains(text(),'Register')]]
2023-07-23 16:07:891 INFO  RegisterPage :138 - Click on Button [[ChromeDriver: chrome on windows (4176649ffb32713d57b4e00bedb99b81)] -> xpath: //input[@id='gender-female']]
2023-07-23 16:07:941 INFO  RegisterPage :144 - Enter First Name : [[ChromeDriver: chrome on windows (4176649ffb32713d57b4e00bedb99b81)] -> xpath: //input[@id='FirstName']]
2023-07-23 16:07:990 INFO  RegisterPage :150 - Enter Last Name : [[ChromeDriver: chrome on windows (4176649ffb32713d57b4e00bedb99b81)] -> xpath: //input[@id='LastName']]
2023-07-23 16:07:56 INFO  RegisterPage :157 - Select Day : [[ChromeDriver: chrome on windows (4176649ffb32713d57b4e00bedb99b81)] -> name: DateOfBirthDay]
2023-07-23 16:07:111 INFO  RegisterPage :164 - Select Month : [[ChromeDriver: chrome on windows (4176649ffb32713d57b4e00bedb99b81)] -> name: DateOfBirthMonth]
2023-07-23 16:07:164 INFO  RegisterPage :170 - Select Year : [[ChromeDriver: chrome on windows (4176649ffb32713d57b4e00bedb99b81)] -> name: DateOfBirthYear]
2023-07-23 16:07:212 INFO  RegisterPage :175 - Enter Email : [[ChromeDriver: chrome on windows (4176649ffb32713d57b4e00bedb99b81)] -> xpath: //input[@id='Email']]
2023-07-23 16:07:256 INFO  RegisterPage :180 - Enter password : [[ChromeDriver: chrome on windows (4176649ffb32713d57b4e00bedb99b81)] -> xpath: //input[@id='Password']]
2023-07-23 16:07:298 INFO  RegisterPage :186 - Enter password : [[ChromeDriver: chrome on windows (4176649ffb32713d57b4e00bedb99b81)] -> xpath: //input[@id='ConfirmPassword']]
2023-07-23 16:07:539 INFO  RegisterPage :101 - Click on Button [[ChromeDriver: chrome on windows (4176649ffb32713d57b4e00bedb99b81)] -> xpath: //button[@id='register-button']]
2023-07-23 16:07:113 INFO  RegisterPage :197 - Getting text from : Proxy element for: DefaultElementLocator 'By.xpath: //div[contains(text(),'Your registration completed')]'
2023-07-23 16:07:349 INFO  HomePage :39 - Click on register Link [[ChromeDriver: chrome on windows (5bc77c2f58dc61517b2c8b8ff7e8b9ed)] -> xpath: //a[contains(text(),'Register')]]
2023-07-23 16:07:371 INFO  RegisterPage :94 - Getting text from : [[ChromeDriver: chrome on windows (5bc77c2f58dc61517b2c8b8ff7e8b9ed)] -> xpath: //h1[contains(text(),'Register')]]
2023-07-23 16:07:477 INFO  HomePage :39 - Click on register Link [[ChromeDriver: chrome on windows (fb81f9c07ef3a6468dcf876702e7de67)] -> xpath: //a[contains(text(),'Register')]]
2023-07-23 16:07:529 INFO  RegisterPage :101 - Click on Button [[ChromeDriver: chrome on windows (fb81f9c07ef3a6468dcf876702e7de67)] -> xpath: //button[@id='register-button']]
2023-07-23 16:07:777 INFO  HomePage :39 - Click on register Link [[ChromeDriver: chrome on windows (0ccf2b14653b55090955101856ad3cf1)] -> xpath: //a[contains(text(),'Register')]]
2023-07-23 16:07:821 INFO  RegisterPage :138 - Click on Button [[ChromeDriver: chrome on windows (0ccf2b14653b55090955101856ad3cf1)] -> xpath: //input[@id='gender-female']]
2023-07-23 16:07:864 INFO  RegisterPage :144 - Enter First Name : [[ChromeDriver: chrome on windows (0ccf2b14653b55090955101856ad3cf1)] -> xpath: //input[@id='FirstName']]
2023-07-23 16:07:914 INFO  RegisterPage :150 - Enter Last Name : [[ChromeDriver: chrome on windows (0ccf2b14653b55090955101856ad3cf1)] -> xpath: //input[@id='LastName']]
2023-07-23 16:07:981 INFO  RegisterPage :157 - Select Day : [[ChromeDriver: chrome on windows (0ccf2b14653b55090955101856ad3cf1)] -> name: DateOfBirthDay]
2023-07-23 16:07:41 INFO  RegisterPage :164 - Select Month : [[ChromeDriver: chrome on windows (0ccf2b14653b55090955101856ad3cf1)] -> name: DateOfBirthMonth]
2023-07-23 16:07:99 INFO  RegisterPage :170 - Select Year : [[ChromeDriver: chrome on windows (0ccf2b14653b55090955101856ad3cf1)] -> name: DateOfBirthYear]
2023-07-23 16:07:147 INFO  RegisterPage :175 - Enter Email : [[ChromeDriver: chrome on windows (0ccf2b14653b55090955101856ad3cf1)] -> xpath: //input[@id='Email']]
2023-07-23 16:07:196 INFO  RegisterPage :180 - Enter password : [[ChromeDriver: chrome on windows (0ccf2b14653b55090955101856ad3cf1)] -> xpath: //input[@id='Password']]
2023-07-23 16:07:238 INFO  RegisterPage :186 - Enter password : [[ChromeDriver: chrome on windows (0ccf2b14653b55090955101856ad3cf1)] -> xpath: //input[@id='ConfirmPassword']]
2023-07-23 16:07:754 INFO  RegisterPage :101 - Click on Button [[ChromeDriver: chrome on windows (0ccf2b14653b55090955101856ad3cf1)] -> xpath: //button[@id='register-button']]
2023-07-23 16:07:766 INFO  RegisterPage :197 - Getting text from : [[ChromeDriver: chrome on windows (0ccf2b14653b55090955101856ad3cf1)] -> xpath: //div[contains(text(),'Your registration completed')]]
2023-07-23 16:07:847 INFO  HomePage :39 - Click on register Link [[ChromeDriver: chrome on windows (197a1fc5b01a513cc7f313bae7e8a1b6)] -> xpath: //a[contains(text(),'Register')]]
2023-07-23 16:07:867 INFO  RegisterPage :94 - Getting text from : [[ChromeDriver: chrome on windows (197a1fc5b01a513cc7f313bae7e8a1b6)] -> xpath: //h1[contains(text(),'Register')]]
2023-07-23 16:07:142 INFO  HomePage :39 - Click on register Link [[ChromeDriver: chrome on windows (aaa469bd80b1958a82999ccd8a7203b9)] -> xpath: //a[contains(text(),'Register')]]
2023-07-23 16:07:190 INFO  RegisterPage :101 - Click on Button [[ChromeDriver: chrome on windows (aaa469bd80b1958a82999ccd8a7203b9)] -> xpath: //button[@id='register-button']]
2023-07-23 16:07:637 INFO  HomePage :39 - Click on register Link [[ChromeDriver: chrome on windows (9b06de7ffa8fe3a3c8d555e88263cb50)] -> xpath: //a[contains(text(),'Register')]]
2023-07-23 16:07:680 INFO  RegisterPage :138 - Click on Button [[ChromeDriver: chrome on windows (9b06de7ffa8fe3a3c8d555e88263cb50)] -> xpath: //input[@id='gender-female']]
2023-07-23 16:07:726 INFO  RegisterPage :144 - Enter First Name : [[ChromeDriver: chrome on windows (9b06de7ffa8fe3a3c8d555e88263cb50)] -> xpath: //input[@id='FirstName']]
2023-07-23 16:07:774 INFO  RegisterPage :150 - Enter Last Name : [[ChromeDriver: chrome on windows (9b06de7ffa8fe3a3c8d555e88263cb50)] -> xpath: //input[@id='LastName']]
2023-07-23 16:07:840 INFO  RegisterPage :157 - Select Day : [[ChromeDriver: chrome on windows (9b06de7ffa8fe3a3c8d555e88263cb50)] -> name: DateOfBirthDay]
2023-07-23 16:07:895 INFO  RegisterPage :164 - Select Month : [[ChromeDriver: chrome on windows (9b06de7ffa8fe3a3c8d555e88263cb50)] -> name: DateOfBirthMonth]
2023-07-23 16:07:947 INFO  RegisterPage :170 - Select Year : [[ChromeDriver: chrome on windows (9b06de7ffa8fe3a3c8d555e88263cb50)] -> name: DateOfBirthYear]
2023-07-23 16:07:995 INFO  RegisterPage :175 - Enter Email : [[ChromeDriver: chrome on windows (9b06de7ffa8fe3a3c8d555e88263cb50)] -> xpath: //input[@id='Email']]
2023-07-23 16:07:42 INFO  RegisterPage :180 - Enter password : [[ChromeDriver: chrome on windows (9b06de7ffa8fe3a3c8d555e88263cb50)] -> xpath: //input[@id='Password']]
2023-07-23 16:07:85 INFO  RegisterPage :186 - Enter password : [[ChromeDriver: chrome on windows (9b06de7ffa8fe3a3c8d555e88263cb50)] -> xpath: //input[@id='ConfirmPassword']]
2023-07-23 16:07:377 INFO  RegisterPage :101 - Click on Button [[ChromeDriver: chrome on windows (9b06de7ffa8fe3a3c8d555e88263cb50)] -> xpath: //button[@id='register-button']]
2023-07-23 16:07:86 INFO  HomePage :39 - Click on register Link [[ChromeDriver: chrome on windows (5bcb86b7e03000a665b53d6f0b0e2cb7)] -> xpath: //a[contains(text(),'Register')]]
2023-07-23 16:07:106 INFO  RegisterPage :94 - Getting text from : [[ChromeDriver: chrome on windows (5bcb86b7e03000a665b53d6f0b0e2cb7)] -> xpath: //h1[contains(text(),'Register')]]
2023-07-23 16:07:259 INFO  HomePage :39 - Click on register Link [[ChromeDriver: chrome on windows (cd561f338767ca129194568dd736f66c)] -> xpath: //a[contains(text(),'Register')]]
2023-07-23 16:07:309 INFO  RegisterPage :101 - Click on Button [[ChromeDriver: chrome on windows (cd561f338767ca129194568dd736f66c)] -> xpath: //button[@id='register-button']]
2023-07-23 16:07:324 INFO  RegisterPage :106 - Enter First Name : [[ChromeDriver: chrome on windows (cd561f338767ca129194568dd736f66c)] -> xpath: //span[@id='FirstName-error']]
2023-07-23 16:07:333 INFO  RegisterPage :106 - Enter First Name : [[ChromeDriver: chrome on windows (cd561f338767ca129194568dd736f66c)] -> xpath: //span[@id='FirstName-error']]
2023-07-23 16:07:589 INFO  HomePage :39 - Click on register Link [[ChromeDriver: chrome on windows (26561d0180f1e4b02a22f72479addd0f)] -> xpath: //a[contains(text(),'Register')]]
2023-07-23 16:07:636 INFO  RegisterPage :138 - Click on Button [[ChromeDriver: chrome on windows (26561d0180f1e4b02a22f72479addd0f)] -> xpath: //input[@id='gender-female']]
2023-07-23 16:07:686 INFO  RegisterPage :144 - Enter First Name : [[ChromeDriver: chrome on windows (26561d0180f1e4b02a22f72479addd0f)] -> xpath: //input[@id='FirstName']]
2023-07-23 16:07:730 INFO  RegisterPage :150 - Enter Last Name : [[ChromeDriver: chrome on windows (26561d0180f1e4b02a22f72479addd0f)] -> xpath: //input[@id='LastName']]
2023-07-23 16:07:796 INFO  RegisterPage :157 - Select Day : [[ChromeDriver: chrome on windows (26561d0180f1e4b02a22f72479addd0f)] -> name: DateOfBirthDay]
2023-07-23 16:07:850 INFO  RegisterPage :164 - Select Month : [[ChromeDriver: chrome on windows (26561d0180f1e4b02a22f72479addd0f)] -> name: DateOfBirthMonth]
2023-07-23 16:07:903 INFO  RegisterPage :170 - Select Year : [[ChromeDriver: chrome on windows (26561d0180f1e4b02a22f72479addd0f)] -> name: DateOfBirthYear]
2023-07-23 16:07:952 INFO  RegisterPage :175 - Enter Email : [[ChromeDriver: chrome on windows (26561d0180f1e4b02a22f72479addd0f)] -> xpath: //input[@id='Email']]
2023-07-23 16:07:992 INFO  RegisterPage :180 - Enter password : [[ChromeDriver: chrome on windows (26561d0180f1e4b02a22f72479addd0f)] -> xpath: //input[@id='Password']]
2023-07-23 16:07:42 INFO  RegisterPage :186 - Enter password : [[ChromeDriver: chrome on windows (26561d0180f1e4b02a22f72479addd0f)] -> xpath: //input[@id='ConfirmPassword']]
2023-07-23 16:07:583 INFO  RegisterPage :101 - Click on Button [[ChromeDriver: chrome on windows (26561d0180f1e4b02a22f72479addd0f)] -> xpath: //button[@id='register-button']]
2023-07-23 16:07:595 INFO  RegisterPage :197 - Getting text from : [[ChromeDriver: chrome on windows (26561d0180f1e4b02a22f72479addd0f)] -> xpath: //div[contains(text(),'Your registration completed')]]
2023-07-23 16:07:434 INFO  HomePage :39 - Click on register Link [[ChromeDriver: chrome on windows (43091ee16a040344898270ee32794768)] -> xpath: //a[contains(text(),'Register')]]
2023-07-23 16:07:453 INFO  RegisterPage :94 - Getting text from : [[ChromeDriver: chrome on windows (43091ee16a040344898270ee32794768)] -> xpath: //h1[contains(text(),'Register')]]
2023-07-23 16:07:662 INFO  HomePage :39 - Click on register Link [[ChromeDriver: chrome on windows (a790c3c29b379a6a1d65ecc1f7fc97e5)] -> xpath: //a[contains(text(),'Register')]]
2023-07-23 16:07:713 INFO  RegisterPage :101 - Click on Button [[ChromeDriver: chrome on windows (a790c3c29b379a6a1d65ecc1f7fc97e5)] -> xpath: //button[@id='register-button']]
2023-07-23 16:07:729 INFO  RegisterPage :106 - Enter First Name : [[ChromeDriver: chrome on windows (a790c3c29b379a6a1d65ecc1f7fc97e5)] -> xpath: //span[@id='FirstName-error']]
2023-07-23 16:07:750 INFO  RegisterPage :106 - Enter First Name : [[ChromeDriver: chrome on windows (a790c3c29b379a6a1d65ecc1f7fc97e5)] -> xpath: //span[@id='FirstName-error']]
2023-07-23 16:07:75 INFO  HomePage :39 - Click on register Link [[ChromeDriver: chrome on windows (12f84c45e6b0b19e63dafbfa42102fe1)] -> xpath: //a[contains(text(),'Register')]]
2023-07-23 16:07:113 INFO  RegisterPage :138 - Click on Button [[ChromeDriver: chrome on windows (12f84c45e6b0b19e63dafbfa42102fe1)] -> xpath: //input[@id='gender-female']]
2023-07-23 16:07:171 INFO  RegisterPage :144 - Enter First Name : [[ChromeDriver: chrome on windows (12f84c45e6b0b19e63dafbfa42102fe1)] -> xpath: //input[@id='FirstName']]
2023-07-23 16:07:221 INFO  RegisterPage :150 - Enter Last Name : [[ChromeDriver: chrome on windows (12f84c45e6b0b19e63dafbfa42102fe1)] -> xpath: //input[@id='LastName']]
2023-07-23 16:07:287 INFO  RegisterPage :157 - Select Day : [[ChromeDriver: chrome on windows (12f84c45e6b0b19e63dafbfa42102fe1)] -> name: DateOfBirthDay]
2023-07-23 16:07:342 INFO  RegisterPage :164 - Select Month : [[ChromeDriver: chrome on windows (12f84c45e6b0b19e63dafbfa42102fe1)] -> name: DateOfBirthMonth]
2023-07-23 16:07:398 INFO  RegisterPage :170 - Select Year : [[ChromeDriver: chrome on windows (12f84c45e6b0b19e63dafbfa42102fe1)] -> name: DateOfBirthYear]
2023-07-23 16:07:447 INFO  RegisterPage :175 - Enter Email : [[ChromeDriver: chrome on windows (12f84c45e6b0b19e63dafbfa42102fe1)] -> xpath: //input[@id='Email']]
2023-07-23 16:07:491 INFO  RegisterPage :180 - Enter password : [[ChromeDriver: chrome on windows (12f84c45e6b0b19e63dafbfa42102fe1)] -> xpath: //input[@id='Password']]
2023-07-23 16:07:540 INFO  RegisterPage :186 - Enter password : [[ChromeDriver: chrome on windows (12f84c45e6b0b19e63dafbfa42102fe1)] -> xpath: //input[@id='ConfirmPassword']]
2023-07-23 16:07:828 INFO  RegisterPage :101 - Click on Button [[ChromeDriver: chrome on windows (12f84c45e6b0b19e63dafbfa42102fe1)] -> xpath: //button[@id='register-button']]
2023-07-23 16:07:121 INFO  RegisterPage :197 - Getting text from : Proxy element for: DefaultElementLocator 'By.xpath: //div[contains(text(),'Your registration completed')]'
2023-07-23 17:07:574 INFO  ComputerPage :39 - Click on Login Button [[ChromeDriver: chrome on windows (a5b94302651bfe12a94cd829881dccc3)] -> xpath: //body/div[6]/div[2]/ul[1]/li[1]/a[1]]
2023-07-23 17:07:592 INFO  ComputerPage :44 - Getting text from : [[ChromeDriver: chrome on windows (a5b94302651bfe12a94cd829881dccc3)] -> xpath: //h1[contains(text(),'Computers')]]
2023-07-23 17:07:194 INFO  ComputerPage :39 - Click on Login Button [[ChromeDriver: chrome on windows (a98fa13ed4e89001d72d885602945b53)] -> xpath: //body/div[6]/div[2]/ul[1]/li[1]/a[1]]
2023-07-23 17:07:407 INFO  ComputerPage :39 - Click on Login Button [[ChromeDriver: chrome on windows (70f7324f5cf9ada6e6a0996b31df220c)] -> xpath: //body/div[6]/div[2]/ul[1]/li[1]/a[1]]
2023-07-23 17:07:435 INFO  BuildYourOwnComputerPage :88 - Click on desktopLink [[ChromeDriver: chrome on windows (70f7324f5cf9ada6e6a0996b31df220c)] -> xpath: //body/div[6]/div[2]/ul[1]/li[1]/ul[1]/li[1]/a[1]]
2023-07-23 17:07:713 INFO  ComputerPage :39 - Click on Login Button [[ChromeDriver: chrome on windows (e84ac49ad7987b088acf5c61eb44607e)] -> xpath: //body/div[6]/div[2]/ul[1]/li[1]/a[1]]
2023-07-23 17:07:730 INFO  ComputerPage :44 - Getting text from : [[ChromeDriver: chrome on windows (e84ac49ad7987b088acf5c61eb44607e)] -> xpath: //h1[contains(text(),'Computers')]]
2023-07-23 17:07:280 INFO  ComputerPage :39 - Click on Login Button [[ChromeDriver: chrome on windows (3195810c3a233ad2c0992d200b43cb40)] -> xpath: //body/div[6]/div[2]/ul[1]/li[1]/a[1]]
2023-07-23 17:07:981 INFO  ComputerPage :39 - Click on Login Button [[ChromeDriver: chrome on windows (4af9155fe470900268fbadaee40d92cd)] -> xpath: //body/div[6]/div[2]/ul[1]/li[1]/a[1]]
2023-07-23 17:07:522 INFO  BuildYourOwnComputerPage :88 - Click on desktopLink [[ChromeDriver: chrome on windows (4af9155fe470900268fbadaee40d92cd)] -> xpath: //body/div[6]/div[2]/ul[1]/li[1]/ul[1]/li[1]/a[1]]
2023-07-23 17:07:769 INFO  ComputerPage :39 - Click on Login Button [[ChromeDriver: chrome on windows (cbf65a1fd3df31bddfa00cbd54bf430b)] -> xpath: //body/div[6]/div[2]/ul[1]/li[1]/a[1]]
2023-07-23 17:07:788 INFO  ComputerPage :44 - Getting text from : [[ChromeDriver: chrome on windows (cbf65a1fd3df31bddfa00cbd54bf430b)] -> xpath: //h1[contains(text(),'Computers')]]
2023-07-23 17:07:01 INFO  ComputerPage :39 - Click on Login Button [[ChromeDriver: chrome on windows (4b25550cad8a20fdcafbe60a52ea8874)] -> xpath: //body/div[6]/div[2]/ul[1]/li[1]/a[1]]
2023-07-23 17:07:688 INFO  ComputerPage :39 - Click on Login Button [[ChromeDriver: chrome on windows (db573e05f74dddb6a580e49ed91cf95d)] -> xpath: //body/div[6]/div[2]/ul[1]/li[1]/a[1]]
2023-07-23 17:07:457 INFO  BuildYourOwnComputerPage :88 - Click on desktopLink [[ChromeDriver: chrome on windows (db573e05f74dddb6a580e49ed91cf95d)] -> xpath: //body/div[6]/div[2]/ul[1]/li[1]/ul[1]/li[1]/a[1]]
2023-07-23 17:07:801 INFO  ComputerPage :39 - Click on Login Button [[ChromeDriver: chrome on windows (bde3c2a219f682570c3b19b76002579a)] -> xpath: //body/div[6]/div[2]/ul[1]/li[1]/a[1]]
2023-07-23 17:07:815 INFO  ComputerPage :44 - Getting text from : [[ChromeDriver: chrome on windows (bde3c2a219f682570c3b19b76002579a)] -> xpath: //h1[contains(text(),'Computers')]]
2023-07-23 17:07:228 INFO  ComputerPage :39 - Click on Login Button [[ChromeDriver: chrome on windows (de31a86296c0a328ef86846fbfe429e2)] -> xpath: //body/div[6]/div[2]/ul[1]/li[1]/a[1]]
2023-07-23 17:07:279 INFO  ComputerPage :39 - Click on Login Button [[ChromeDriver: chrome on windows (f3d6b06fbe7d2de50aac369d09012701)] -> xpath: //body/div[6]/div[2]/ul[1]/li[1]/a[1]]
2023-07-23 17:07:335 INFO  ComputerPage :39 - Click on Login Button [[ChromeDriver: chrome on windows (884d4c52cb25d9154cd4fc03495273ea)] -> xpath: //body/div[6]/div[2]/ul[1]/li[1]/a[1]]
2023-07-23 17:07:349 INFO  ComputerPage :44 - Getting text from : [[ChromeDriver: chrome on windows (884d4c52cb25d9154cd4fc03495273ea)] -> xpath: //h1[contains(text(),'Computers')]]
2023-07-23 17:07:180 INFO  ComputerPage :53 -  mouseHoverOnComputer  [[ChromeDriver: chrome on windows (4d31b11957fcffbf5c0c53414c423a04)] -> xpath: //body/div[6]/div[2]/ul[1]/li[1]/a[1]]
2023-07-23 17:07:60 INFO  BuildYourOwnComputerPage :88 - Click on desktopLink [[ChromeDriver: chrome on windows (4d31b11957fcffbf5c0c53414c423a04)] -> xpath: //body/div[6]/div[2]/ul[1]/li[1]/ul[1]/li[1]/a[1]]
2023-07-23 17:07:79 INFO  BuildYourOwnComputerPage :176 - get text Proxy element for: DefaultElementLocator 'By.xpath: //body/div[@id='bar-notification']/div[1]/p[1]'
2023-07-23 17:07:485 INFO  ComputerPage :39 - Click on Login Button [[ChromeDriver: chrome on windows (f25036689d5449e11a12c097b4524dda)] -> xpath: //body/div[6]/div[2]/ul[1]/li[1]/a[1]]
2023-07-23 18:07:925 INFO  ComputerPage :39 - Click on Login Button [[ChromeDriver: chrome on windows (692fbd44c97eeba5eb8ad51967d14586)] -> xpath: //body/div[6]/div[2]/ul[1]/li[1]/a[1]]
2023-07-23 18:07:940 INFO  ComputerPage :44 - Getting text from : [[ChromeDriver: chrome on windows (692fbd44c97eeba5eb8ad51967d14586)] -> xpath: //h1[contains(text(),'Computers')]]
2023-07-23 18:07:534 INFO  ComputerPage :53 -  mouseHoverOnComputer  [[ChromeDriver: chrome on windows (424ea2a4ea15b8c4c8a1ed6b60831753)] -> xpath: //body/div[6]/div[2]/ul[1]/li[1]/a[1]]
2023-07-23 18:07:388 INFO  BuildYourOwnComputerPage :88 - Click on desktopLink [[ChromeDriver: chrome on windows (424ea2a4ea15b8c4c8a1ed6b60831753)] -> xpath: //body/div[6]/div[2]/ul[1]/li[1]/ul[1]/li[1]/a[1]]
2023-07-23 18:07:257 INFO  ComputerPage :39 - Click on Login Button [[ChromeDriver: chrome on windows (16b80cf1fc5682da509a2c9917c7efe0)] -> xpath: //body/div[6]/div[2]/ul[1]/li[1]/a[1]]
2023-07-23 18:07:806 INFO  BuildYourOwnComputerPage :88 - Click on desktopLink [[ChromeDriver: chrome on windows (16b80cf1fc5682da509a2c9917c7efe0)] -> xpath: //body/div[6]/div[2]/ul[1]/li[1]/ul[1]/li[1]/a[1]]
2023-07-23 18:07:901 INFO  HomePage :39 - Click on register Link [[ChromeDriver: chrome on windows (ba1ef5b45781e812e248da440cfa0700)] -> xpath: //a[contains(text(),'Register')]]
2023-07-23 18:07:918 INFO  RegisterPage :94 - Getting text from : [[ChromeDriver: chrome on windows (ba1ef5b45781e812e248da440cfa0700)] -> xpath: //h1[contains(text(),'Register')]]
2023-07-23 18:07:114 INFO  HomePage :39 - Click on register Link [[ChromeDriver: chrome on windows (fd8ebe863c7a0f60076cf6eb1baa2cb4)] -> xpath: //a[contains(text(),'Register')]]
2023-07-23 18:07:165 INFO  RegisterPage :101 - Click on Button [[ChromeDriver: chrome on windows (fd8ebe863c7a0f60076cf6eb1baa2cb4)] -> xpath: //button[@id='register-button']]
2023-07-23 18:07:608 INFO  HomePage :39 - Click on register Link [[ChromeDriver: chrome on windows (9b95ac6f5a0f7e8f4b8a4c5085ea3ef5)] -> xpath: //a[contains(text(),'Register')]]
2023-07-23 18:07:650 INFO  RegisterPage :138 - Click on Button [[ChromeDriver: chrome on windows (9b95ac6f5a0f7e8f4b8a4c5085ea3ef5)] -> xpath: //input[@id='gender-female']]
2023-07-23 18:07:696 INFO  RegisterPage :144 - Enter First Name : [[ChromeDriver: chrome on windows (9b95ac6f5a0f7e8f4b8a4c5085ea3ef5)] -> xpath: //input[@id='FirstName']]
2023-07-23 18:07:742 INFO  RegisterPage :150 - Enter Last Name : [[ChromeDriver: chrome on windows (9b95ac6f5a0f7e8f4b8a4c5085ea3ef5)] -> xpath: //input[@id='LastName']]
2023-07-23 18:07:810 INFO  RegisterPage :157 - Select Day : [[ChromeDriver: chrome on windows (9b95ac6f5a0f7e8f4b8a4c5085ea3ef5)] -> name: DateOfBirthDay]
2023-07-23 18:07:863 INFO  RegisterPage :164 - Select Month : [[ChromeDriver: chrome on windows (9b95ac6f5a0f7e8f4b8a4c5085ea3ef5)] -> name: DateOfBirthMonth]
2023-07-23 18:07:916 INFO  RegisterPage :170 - Select Year : [[ChromeDriver: chrome on windows (9b95ac6f5a0f7e8f4b8a4c5085ea3ef5)] -> name: DateOfBirthYear]
2023-07-23 18:07:962 INFO  RegisterPage :175 - Enter Email : [[ChromeDriver: chrome on windows (9b95ac6f5a0f7e8f4b8a4c5085ea3ef5)] -> xpath: //input[@id='Email']]
2023-07-23 18:07:08 INFO  RegisterPage :180 - Enter password : [[ChromeDriver: chrome on windows (9b95ac6f5a0f7e8f4b8a4c5085ea3ef5)] -> xpath: //input[@id='Password']]
2023-07-23 18:07:49 INFO  RegisterPage :186 - Enter password : [[ChromeDriver: chrome on windows (9b95ac6f5a0f7e8f4b8a4c5085ea3ef5)] -> xpath: //input[@id='ConfirmPassword']]
2023-07-23 18:07:627 INFO  RegisterPage :101 - Click on Button [[ChromeDriver: chrome on windows (9b95ac6f5a0f7e8f4b8a4c5085ea3ef5)] -> xpath: //button[@id='register-button']]
2023-07-23 18:07:639 INFO  RegisterPage :197 - Getting text from : [[ChromeDriver: chrome on windows (9b95ac6f5a0f7e8f4b8a4c5085ea3ef5)] -> xpath: //div[contains(text(),'Your registration completed')]]
2023-07-23 18:07:972 INFO  HomePage :39 - Click on register Link [[ChromeDriver: chrome on windows (10fcf51a96e14a4ef68f67bc22ca855e)] -> xpath: //a[contains(text(),'Register')]]
2023-07-23 18:07:990 INFO  RegisterPage :94 - Getting text from : [[ChromeDriver: chrome on windows (10fcf51a96e14a4ef68f67bc22ca855e)] -> xpath: //h1[contains(text(),'Register')]]
2023-07-23 18:07:129 INFO  HomePage :39 - Click on register Link [[ChromeDriver: chrome on windows (79c6cb356cc8c388bde91e25a1d60dd5)] -> xpath: //a[contains(text(),'Register')]]
2023-07-23 18:07:181 INFO  RegisterPage :101 - Click on Button [[ChromeDriver: chrome on windows (79c6cb356cc8c388bde91e25a1d60dd5)] -> xpath: //button[@id='register-button']]
2023-07-23 18:07:195 INFO  RegisterPage :106 - Enter First Name : [[ChromeDriver: chrome on windows (79c6cb356cc8c388bde91e25a1d60dd5)] -> xpath: //span[@id='FirstName-error']]
2023-07-23 18:07:203 INFO  RegisterPage :106 - Enter First Name : [[ChromeDriver: chrome on windows (79c6cb356cc8c388bde91e25a1d60dd5)] -> xpath: //span[@id='FirstName-error']]
2023-07-23 18:07:433 INFO  HomePage :39 - Click on register Link [[ChromeDriver: chrome on windows (454bce72f00e2a21d2ed857b1bb32b75)] -> xpath: //a[contains(text(),'Register')]]
2023-07-23 18:07:477 INFO  RegisterPage :138 - Click on Button [[ChromeDriver: chrome on windows (454bce72f00e2a21d2ed857b1bb32b75)] -> xpath: //input[@id='gender-female']]
2023-07-23 18:07:521 INFO  RegisterPage :144 - Enter First Name : [[ChromeDriver: chrome on windows (454bce72f00e2a21d2ed857b1bb32b75)] -> xpath: //input[@id='FirstName']]
2023-07-23 18:07:572 INFO  RegisterPage :150 - Enter Last Name : [[ChromeDriver: chrome on windows (454bce72f00e2a21d2ed857b1bb32b75)] -> xpath: //input[@id='LastName']]
2023-07-23 18:07:638 INFO  RegisterPage :157 - Select Day : [[ChromeDriver: chrome on windows (454bce72f00e2a21d2ed857b1bb32b75)] -> name: DateOfBirthDay]
2023-07-23 18:07:691 INFO  RegisterPage :164 - Select Month : [[ChromeDriver: chrome on windows (454bce72f00e2a21d2ed857b1bb32b75)] -> name: DateOfBirthMonth]
2023-07-23 18:07:743 INFO  RegisterPage :170 - Select Year : [[ChromeDriver: chrome on windows (454bce72f00e2a21d2ed857b1bb32b75)] -> name: DateOfBirthYear]
2023-07-23 18:07:794 INFO  RegisterPage :175 - Enter Email : [[ChromeDriver: chrome on windows (454bce72f00e2a21d2ed857b1bb32b75)] -> xpath: //input[@id='Email']]
2023-07-23 18:07:837 INFO  RegisterPage :180 - Enter password : [[ChromeDriver: chrome on windows (454bce72f00e2a21d2ed857b1bb32b75)] -> xpath: //input[@id='Password']]
2023-07-23 18:07:878 INFO  RegisterPage :186 - Enter password : [[ChromeDriver: chrome on windows (454bce72f00e2a21d2ed857b1bb32b75)] -> xpath: //input[@id='ConfirmPassword']]
2023-07-23 18:07:175 INFO  RegisterPage :101 - Click on Button [[ChromeDriver: chrome on windows (454bce72f00e2a21d2ed857b1bb32b75)] -> xpath: //button[@id='register-button']]
2023-07-23 18:07:350 INFO  RegisterPage :197 - Getting text from : Proxy element for: DefaultElementLocator 'By.xpath: //div[contains(text(),'Your registration completed')]'
2023-07-23 18:07:748 INFO  HomePage :39 - Click on register Link [[ChromeDriver: chrome on windows (8c84f8a32a6027c2c7435c3179f1d9ba)] -> xpath: //a[contains(text(),'Register')]]
2023-07-23 18:07:767 INFO  RegisterPage :94 - Getting text from : [[ChromeDriver: chrome on windows (8c84f8a32a6027c2c7435c3179f1d9ba)] -> xpath: //h1[contains(text(),'Register')]]
2023-07-23 18:07:38 INFO  HomePage :39 - Click on register Link [[ChromeDriver: chrome on windows (49286ba8924ddc3c354531f632b9a882)] -> xpath: //a[contains(text(),'Register')]]
2023-07-23 18:07:84 INFO  RegisterPage :101 - Click on Button [[ChromeDriver: chrome on windows (49286ba8924ddc3c354531f632b9a882)] -> xpath: //button[@id='register-button']]
2023-07-23 18:07:100 INFO  RegisterPage :106 - Enter First Name : [[ChromeDriver: chrome on windows (49286ba8924ddc3c354531f632b9a882)] -> xpath: //span[@id='FirstName-error']]
2023-07-23 18:07:118 INFO  RegisterPage :112 - Enter First Name : [[ChromeDriver: chrome on windows (49286ba8924ddc3c354531f632b9a882)] -> xpath: //span[@id='LastName-error']]
2023-07-23 18:07:136 INFO  RegisterPage :118 - Enter First Name : [[ChromeDriver: chrome on windows (49286ba8924ddc3c354531f632b9a882)] -> xpath: //span[@id='Email-error']]
2023-07-23 18:07:149 INFO  RegisterPage :123 - Enter First Name : [[ChromeDriver: chrome on windows (49286ba8924ddc3c354531f632b9a882)] -> xpath: //span[@id='Password-error']]
2023-07-23 18:07:172 INFO  RegisterPage :128 - Enter First Name : [[ChromeDriver: chrome on windows (49286ba8924ddc3c354531f632b9a882)] -> xpath: //span[@id='ConfirmPassword-error']]
2023-07-23 18:07:461 INFO  HomePage :39 - Click on register Link [[ChromeDriver: chrome on windows (2eb506a8f2d4ef502242c1a81d42a097)] -> xpath: //a[contains(text(),'Register')]]
2023-07-23 18:07:503 INFO  RegisterPage :138 - Click on Button [[ChromeDriver: chrome on windows (2eb506a8f2d4ef502242c1a81d42a097)] -> xpath: //input[@id='gender-female']]
2023-07-23 18:07:547 INFO  RegisterPage :144 - Enter First Name : [[ChromeDriver: chrome on windows (2eb506a8f2d4ef502242c1a81d42a097)] -> xpath: //input[@id='FirstName']]
2023-07-23 18:07:608 INFO  RegisterPage :150 - Enter Last Name : [[ChromeDriver: chrome on windows (2eb506a8f2d4ef502242c1a81d42a097)] -> xpath: //input[@id='LastName']]
2023-07-23 18:07:707 INFO  RegisterPage :157 - Select Day : [[ChromeDriver: chrome on windows (2eb506a8f2d4ef502242c1a81d42a097)] -> name: DateOfBirthDay]
2023-07-23 18:07:783 INFO  RegisterPage :164 - Select Month : [[ChromeDriver: chrome on windows (2eb506a8f2d4ef502242c1a81d42a097)] -> name: DateOfBirthMonth]
2023-07-23 18:07:836 INFO  RegisterPage :170 - Select Year : [[ChromeDriver: chrome on windows (2eb506a8f2d4ef502242c1a81d42a097)] -> name: DateOfBirthYear]
2023-07-23 18:07:885 INFO  RegisterPage :175 - Enter Email : [[ChromeDriver: chrome on windows (2eb506a8f2d4ef502242c1a81d42a097)] -> xpath: //input[@id='Email']]
2023-07-23 18:07:932 INFO  RegisterPage :180 - Enter password : [[ChromeDriver: chrome on windows (2eb506a8f2d4ef502242c1a81d42a097)] -> xpath: //input[@id='Password']]
2023-07-23 18:07:975 INFO  RegisterPage :186 - Enter password : [[ChromeDriver: chrome on windows (2eb506a8f2d4ef502242c1a81d42a097)] -> xpath: //input[@id='ConfirmPassword']]
2023-07-23 18:07:273 INFO  RegisterPage :101 - Click on Button [[ChromeDriver: chrome on windows (2eb506a8f2d4ef502242c1a81d42a097)] -> xpath: //button[@id='register-button']]
2023-07-23 18:07:757 INFO  RegisterPage :197 - Getting text from : Proxy element for: DefaultElementLocator 'By.xpath: //div[contains(text(),'Your registration completed')]'
2023-07-23 18:07:252 INFO  ComputerPage :39 - Click on Login Button [[ChromeDriver: chrome on windows (29f5b7eed3f79e092061a83a0917195d)] -> xpath: //body/div[6]/div[2]/ul[1]/li[1]/a[1]]
2023-07-23 18:07:267 INFO  ComputerPage :44 - Getting text from : [[ChromeDriver: chrome on windows (29f5b7eed3f79e092061a83a0917195d)] -> xpath: //h1[contains(text(),'Computers')]]
2023-07-23 18:07:59 INFO  ComputerPage :53 -  mouseHoverOnComputer  [[ChromeDriver: chrome on windows (d8b4ba326bea999db545157ff4411726)] -> xpath: //body/div[6]/div[2]/ul[1]/li[1]/a[1]]
2023-07-23 18:07:542 INFO  BuildYourOwnComputerPage :88 - Click on desktopLink [[ChromeDriver: chrome on windows (d8b4ba326bea999db545157ff4411726)] -> xpath: //body/div[6]/div[2]/ul[1]/li[1]/ul[1]/li[1]/a[1]]
2023-07-23 18:07:412 INFO  ComputerPage :39 - Click on Login Button [[ChromeDriver: chrome on windows (c5df06919eebf00fcc2faed14c7ee5c2)] -> xpath: //body/div[6]/div[2]/ul[1]/li[1]/a[1]]
2023-07-23 18:07:427 INFO  ComputerPage :44 - Getting text from : [[ChromeDriver: chrome on windows (c5df06919eebf00fcc2faed14c7ee5c2)] -> xpath: //h1[contains(text(),'Computers')]]
2023-07-23 18:07:07 INFO  ComputerPage :53 -  mouseHoverOnComputer  [[ChromeDriver: chrome on windows (9af4cb5ad88debd306ad332411e1c739)] -> xpath: //body/div[6]/div[2]/ul[1]/li[1]/a[1]]
2023-07-23 18:07:864 INFO  BuildYourOwnComputerPage :88 - Click on desktopLink [[ChromeDriver: chrome on windows (9af4cb5ad88debd306ad332411e1c739)] -> xpath: //body/div[6]/div[2]/ul[1]/li[1]/ul[1]/li[1]/a[1]]
2023-07-23 18:07:882 INFO  BuildYourOwnComputerPage :176 - get text Proxy element for: DefaultElementLocator 'By.xpath: //body/div[@id='bar-notification']/div[1]/p[1]'
2023-07-23 18:07:285 INFO  ComputerPage :39 - Click on Login Button [[ChromeDriver: chrome on windows (4acc9a521ddd0deb74cf6e6a189bf7cb)] -> xpath: //body/div[6]/div[2]/ul[1]/li[1]/a[1]]
2023-07-23 18:07:489 INFO  BuildYourOwnComputerPage :88 - Click on desktopLink [[ChromeDriver: chrome on windows (4acc9a521ddd0deb74cf6e6a189bf7cb)] -> xpath: //body/div[6]/div[2]/ul[1]/li[1]/ul[1]/li[1]/a[1]]
2023-07-23 18:07:739 INFO  ComputerPage :39 - Click on Login Button [[ChromeDriver: chrome on windows (14623d185fd2132e1b7f525d74c774cc)] -> xpath: //body/div[6]/div[2]/ul[1]/li[1]/a[1]]
2023-07-23 18:07:755 INFO  ComputerPage :44 - Getting text from : [[ChromeDriver: chrome on windows (14623d185fd2132e1b7f525d74c774cc)] -> xpath: //h1[contains(text(),'Computers')]]
2023-07-23 18:07:416 INFO  ComputerPage :53 -  mouseHoverOnComputer  [[ChromeDriver: chrome on windows (7b352ab4e4bebc065adf1d31c0b9aca4)] -> xpath: //body/div[6]/div[2]/ul[1]/li[1]/a[1]]
2023-07-23 18:07:314 INFO  BuildYourOwnComputerPage :88 - Click on desktopLink [[ChromeDriver: chrome on windows (7b352ab4e4bebc065adf1d31c0b9aca4)] -> xpath: //body/div[6]/div[2]/ul[1]/li[1]/ul[1]/li[1]/a[1]]
2023-07-23 18:07:327 INFO  ComputerPage :64 - Getting text from : [[ChromeDriver: chrome on windows (7b352ab4e4bebc065adf1d31c0b9aca4)] -> xpath: //h1[contains(text(),'Desktops')]]
2023-07-23 18:07:526 INFO  ComputerPage :39 - Click on Login Button [[ChromeDriver: chrome on windows (6b9f64a2bea9a83b69667d1ead1a80f6)] -> xpath: //body/div[6]/div[2]/ul[1]/li[1]/a[1]]
2023-07-23 18:07:855 INFO  ComputerPage :39 - Click on Login Button [[ChromeDriver: chrome on windows (e165a930d898aec03e2db60d4049764f)] -> xpath: //body/div[6]/div[2]/ul[1]/li[1]/a[1]]
2023-07-23 18:07:869 INFO  ComputerPage :44 - Getting text from : [[ChromeDriver: chrome on windows (e165a930d898aec03e2db60d4049764f)] -> xpath: //h1[contains(text(),'Computers')]]
2023-07-23 18:07:583 INFO  ComputerPage :53 -  mouseHoverOnComputer  [[ChromeDriver: chrome on windows (db91c291e9ddac09aff0f3fecd1ac7c5)] -> xpath: //body/div[6]/div[2]/ul[1]/li[1]/a[1]]
2023-07-23 18:07:448 INFO  BuildYourOwnComputerPage :88 - Click on desktopLink [[ChromeDriver: chrome on windows (db91c291e9ddac09aff0f3fecd1ac7c5)] -> xpath: //body/div[6]/div[2]/ul[1]/li[1]/ul[1]/li[1]/a[1]]
2023-07-23 18:07:452 INFO  ComputerPage :64 - Getting text from : [[ChromeDriver: chrome on windows (db91c291e9ddac09aff0f3fecd1ac7c5)] -> xpath: //h1[contains(text(),'Desktops')]]
2023-07-23 18:07:955 INFO  ComputerPage :53 -  mouseHoverOnComputer  [[ChromeDriver: chrome on windows (0439b21f08b601b84774cfebde20719e)] -> xpath: //body/div[6]/div[2]/ul[1]/li[1]/a[1]]
2023-07-23 18:07:370 INFO  BuildYourOwnComputerPage :88 - Click on desktopLink [[ChromeDriver: chrome on windows (0439b21f08b601b84774cfebde20719e)] -> xpath: //body/div[6]/div[2]/ul[1]/li[1]/ul[1]/li[1]/a[1]]
2023-07-23 18:07:638 INFO  ComputerPage :39 - Click on Login Button [[ChromeDriver: chrome on windows (b547bfb568be94ed57261a7dd63a0178)] -> xpath: //body/div[6]/div[2]/ul[1]/li[1]/a[1]]
2023-07-23 18:07:654 INFO  ComputerPage :44 - Getting text from : [[ChromeDriver: chrome on windows (b547bfb568be94ed57261a7dd63a0178)] -> xpath: //h1[contains(text(),'Computers')]]
2023-07-23 18:07:322 INFO  ComputerPage :53 -  mouseHoverOnComputer  [[ChromeDriver: chrome on windows (56192d966ef4ddbc8e75f79cdf5d3507)] -> xpath: //body/div[6]/div[2]/ul[1]/li[1]/a[1]]
2023-07-23 18:07:160 INFO  BuildYourOwnComputerPage :88 - Click on desktopLink [[ChromeDriver: chrome on windows (56192d966ef4ddbc8e75f79cdf5d3507)] -> xpath: //body/div[6]/div[2]/ul[1]/li[1]/ul[1]/li[1]/a[1]]
2023-07-23 18:07:164 INFO  ComputerPage :64 - Getting text from : [[ChromeDriver: chrome on windows (56192d966ef4ddbc8e75f79cdf5d3507)] -> xpath: //h1[contains(text(),'Desktops')]]
2023-07-23 18:07:253 INFO  ComputerPage :53 -  mouseHoverOnComputer  [[ChromeDriver: chrome on windows (8a3e6670e9f05df170b60e0e948e70df)] -> xpath: //body/div[6]/div[2]/ul[1]/li[1]/a[1]]
2023-07-23 18:07:150 INFO  BuildYourOwnComputerPage :88 - Click on desktopLink [[ChromeDriver: chrome on windows (8a3e6670e9f05df170b60e0e948e70df)] -> xpath: //body/div[6]/div[2]/ul[1]/li[1]/ul[1]/li[1]/a[1]]
2023-07-23 18:07:797 INFO  BuildYourOwnComputerPage :93 - Click on BuildComputer [[ChromeDriver: chrome on windows (8a3e6670e9f05df170b60e0e948e70df)] -> xpath: //body/div[6]/div[3]/div[1]/div[3]/div[1]/div[2]/div[2]/div[2]/div[1]/div[1]/div[1]/div[1]/div[2]/h2[1]/a[1]]
2023-07-23 22:07:107 INFO  ComputerPage :39 - Click on Login Button [[ChromeDriver: chrome on windows (6a5b3d12d6662df3106be30a96b99d34)] -> xpath: //body/div[6]/div[2]/ul[1]/li[1]/a[1]]
2023-07-23 22:07:122 INFO  ComputerPage :44 - Getting text from : [[ChromeDriver: chrome on windows (6a5b3d12d6662df3106be30a96b99d34)] -> xpath: //h1[contains(text(),'Computers')]]
2023-07-23 22:07:736 INFO  ComputerPage :53 -  mouseHoverOnComputer  [[ChromeDriver: chrome on windows (5d8bd1e0f142ded47dc42916dcc131fb)] -> xpath: //body/div[6]/div[2]/ul[1]/li[1]/a[1]]
2023-07-23 22:07:614 INFO  BuildYourOwnComputerPage :88 - Click on desktopLink [[ChromeDriver: chrome on windows (5d8bd1e0f142ded47dc42916dcc131fb)] -> xpath: //body/div[6]/div[2]/ul[1]/li[1]/ul[1]/li[1]/a[1]]
2023-07-23 22:07:629 INFO  ComputerPage :64 - Getting text from : [[ChromeDriver: chrome on windows (5d8bd1e0f142ded47dc42916dcc131fb)] -> xpath: //h1[contains(text(),'Desktops')]]
2023-07-23 22:07:296 INFO  ComputerPage :53 -  mouseHoverOnComputer  [[ChromeDriver: chrome on windows (56656936fb43ee856cfd908645485098)] -> xpath: //body/div[6]/div[2]/ul[1]/li[1]/a[1]]
2023-07-23 22:07:127 INFO  BuildYourOwnComputerPage :88 - Click on desktopLink [[ChromeDriver: chrome on windows (56656936fb43ee856cfd908645485098)] -> xpath: //body/div[6]/div[2]/ul[1]/li[1]/ul[1]/li[1]/a[1]]
2023-07-23 22:07:749 INFO  BuildYourOwnComputerPage :93 - Click on BuildComputer [[ChromeDriver: chrome on windows (56656936fb43ee856cfd908645485098)] -> xpath: //body/div[6]/div[3]/div[1]/div[3]/div[1]/div[2]/div[2]/div[2]/div[1]/div[1]/div[1]/div[1]/div[2]/h2[1]/a[1]]
2023-07-23 22:07:791 INFO  BuildYourOwnComputerPage :171 - Click on addToCart [[ChromeDriver: chrome on windows (56656936fb43ee856cfd908645485098)] -> xpath: //button[@id='add-to-cart-button-1']]
2023-07-23 22:07:282 INFO  ComputerPage :39 - Click on Login Button [[ChromeDriver: chrome on windows (5ab9f61969e00ac4b71aa1ee1f6599e0)] -> xpath: //body/div[6]/div[2]/ul[1]/li[1]/a[1]]
2023-07-23 22:07:298 INFO  ComputerPage :44 - Getting text from : [[ChromeDriver: chrome on windows (5ab9f61969e00ac4b71aa1ee1f6599e0)] -> xpath: //h1[contains(text(),'Computers')]]
2023-07-23 22:07:950 INFO  ComputerPage :53 -  mouseHoverOnComputer  [[ChromeDriver: chrome on windows (50d367d790bb6870455ecc3c874b7375)] -> xpath: //body/div[6]/div[2]/ul[1]/li[1]/a[1]]
2023-07-23 22:07:408 INFO  BuildYourOwnComputerPage :88 - Click on desktopLink [[ChromeDriver: chrome on windows (50d367d790bb6870455ecc3c874b7375)] -> xpath: //body/div[6]/div[2]/ul[1]/li[1]/ul[1]/li[1]/a[1]]
2023-07-23 22:07:411 INFO  ComputerPage :64 - Getting text from : [[ChromeDriver: chrome on windows (50d367d790bb6870455ecc3c874b7375)] -> xpath: //h1[contains(text(),'Desktops')]]
2023-07-23 22:07:966 INFO  ComputerPage :53 -  mouseHoverOnComputer  [[ChromeDriver: chrome on windows (add349f7d9f9ebf9257fe7884b8a5e02)] -> xpath: //body/div[6]/div[2]/ul[1]/li[1]/a[1]]
2023-07-23 22:07:796 INFO  BuildYourOwnComputerPage :88 - Click on desktopLink [[ChromeDriver: chrome on windows (add349f7d9f9ebf9257fe7884b8a5e02)] -> xpath: //body/div[6]/div[2]/ul[1]/li[1]/ul[1]/li[1]/a[1]]
2023-07-23 22:07:171 INFO  BuildYourOwnComputerPage :93 - Click on BuildComputer [[ChromeDriver: chrome on windows (add349f7d9f9ebf9257fe7884b8a5e02)] -> xpath: //body/div[6]/div[3]/div[1]/div[3]/div[1]/div[2]/div[2]/div[2]/div[1]/div[1]/div[1]/div[1]/div[2]/h2[1]/a[1]]
2023-07-23 22:07:218 INFO  BuildYourOwnComputerPage :171 - Click on addToCart [[ChromeDriver: chrome on windows (add349f7d9f9ebf9257fe7884b8a5e02)] -> xpath: //button[@id='add-to-cart-button-1']]
2023-07-23 22:07:513 INFO  HomePage :33 - Click on Login Link [[ChromeDriver: chrome on windows (757836fd62e956d92b09ab6dd6611787)] -> xpath: //a[contains(text(),'Log in')]]
2023-07-23 22:07:536 INFO  LoginPage :47 - Getting text from : [[ChromeDriver: chrome on windows (757836fd62e956d92b09ab6dd6611787)] -> xpath: //h1[contains(text(),'Welcome, Please Sign In!')]]
2023-07-23 22:07:730 INFO  HomePage :33 - Click on Login Link [[ChromeDriver: chrome on windows (ff1aae87978ec8dec5aba2386b786651)] -> xpath: //a[contains(text(),'Log in')]]
2023-07-23 22:07:779 INFO  LoginPage :53 - Enter Email : [[ChromeDriver: chrome on windows (ff1aae87978ec8dec5aba2386b786651)] -> xpath: //input[@id='Email']]
2023-07-23 22:07:825 INFO  LoginPage :59 - Enter Email : [[ChromeDriver: chrome on windows (ff1aae87978ec8dec5aba2386b786651)] -> xpath: //input[@id='Password']]
2023-07-23 22:07:157 INFO  LoginPage :65 - Click on Login Button [[ChromeDriver: chrome on windows (ff1aae87978ec8dec5aba2386b786651)] -> xpath: //button[contains(text(),'Log in')]]
2023-07-23 22:07:364 INFO  HomePage :33 - Click on Login Link [[ChromeDriver: chrome on windows (27edae195492c477a159a2074b80572b)] -> xpath: //a[contains(text(),'Log in')]]
2023-07-23 22:07:413 INFO  LoginPage :53 - Enter Email : [[ChromeDriver: chrome on windows (27edae195492c477a159a2074b80572b)] -> xpath: //input[@id='Email']]
2023-07-23 22:07:462 INFO  LoginPage :59 - Enter Email : [[ChromeDriver: chrome on windows (27edae195492c477a159a2074b80572b)] -> xpath: //input[@id='Password']]
2023-07-23 22:07:742 INFO  LoginPage :65 - Click on Login Button [[ChromeDriver: chrome on windows (27edae195492c477a159a2074b80572b)] -> xpath: //button[contains(text(),'Log in')]]
2023-07-23 22:07:39 INFO  HomePage :33 - Click on Login Link [[ChromeDriver: chrome on windows (5284fefa0e2453832e19ea198753b87e)] -> xpath: //a[contains(text(),'Log in')]]
2023-07-23 22:07:94 INFO  LoginPage :53 - Enter Email : [[ChromeDriver: chrome on windows (5284fefa0e2453832e19ea198753b87e)] -> xpath: //input[@id='Email']]
2023-07-23 22:07:146 INFO  LoginPage :59 - Enter Email : [[ChromeDriver: chrome on windows (5284fefa0e2453832e19ea198753b87e)] -> xpath: //input[@id='Password']]
2023-07-23 22:07:402 INFO  LoginPage :65 - Click on Login Button [[ChromeDriver: chrome on windows (5284fefa0e2453832e19ea198753b87e)] -> xpath: //button[contains(text(),'Log in')]]
2023-07-23 23:07:871 INFO  HomePage :33 - Click on Login Link [[ChromeDriver: chrome on windows (d6ec8557351cf115e7f9027b1488569b)] -> xpath: //a[contains(text(),'Log in')]]
2023-07-23 23:07:891 INFO  LoginPage :47 - Getting text from : [[ChromeDriver: chrome on windows (d6ec8557351cf115e7f9027b1488569b)] -> xpath: //h1[contains(text(),'Welcome, Please Sign In!')]]
2023-07-23 23:07:105 INFO  HomePage :33 - Click on Login Link [[ChromeDriver: chrome on windows (c1d6f3ea9358f3350b8314b4684b6a84)] -> xpath: //a[contains(text(),'Log in')]]
2023-07-23 23:07:154 INFO  LoginPage :53 - Enter Email : [[ChromeDriver: chrome on windows (c1d6f3ea9358f3350b8314b4684b6a84)] -> xpath: //input[@id='Email']]
2023-07-23 23:07:202 INFO  LoginPage :59 - Enter Email : [[ChromeDriver: chrome on windows (c1d6f3ea9358f3350b8314b4684b6a84)] -> xpath: //input[@id='Password']]
2023-07-23 23:07:497 INFO  LoginPage :65 - Click on Login Button [[ChromeDriver: chrome on windows (c1d6f3ea9358f3350b8314b4684b6a84)] -> xpath: //button[contains(text(),'Log in')]]
2023-07-23 23:07:711 INFO  HomePage :33 - Click on Login Link [[ChromeDriver: chrome on windows (483732229063fdc0ae3f98ef2b92b383)] -> xpath: //a[contains(text(),'Log in')]]
2023-07-23 23:07:766 INFO  LoginPage :53 - Enter Email : [[ChromeDriver: chrome on windows (483732229063fdc0ae3f98ef2b92b383)] -> xpath: //input[@id='Email']]
2023-07-23 23:07:811 INFO  LoginPage :59 - Enter Email : [[ChromeDriver: chrome on windows (483732229063fdc0ae3f98ef2b92b383)] -> xpath: //input[@id='Password']]
2023-07-23 23:07:111 INFO  LoginPage :65 - Click on Login Button [[ChromeDriver: chrome on windows (483732229063fdc0ae3f98ef2b92b383)] -> xpath: //button[contains(text(),'Log in')]]
2023-07-23 23:07:860 INFO  HomePage :33 - Click on Login Link [[ChromeDriver: chrome on windows (8ebb2b3b453d14b8da2b9e5a16172805)] -> xpath: //a[contains(text(),'Log in')]]
2023-07-23 23:07:887 INFO  LoginPage :47 - Getting text from : [[ChromeDriver: chrome on windows (8ebb2b3b453d14b8da2b9e5a16172805)] -> xpath: //h1[contains(text(),'Welcome, Please Sign In!')]]
2023-07-23 23:07:67 INFO  HomePage :33 - Click on Login Link [[ChromeDriver: chrome on windows (ab098ad666a2b8b0e1640d5e17c5eac5)] -> xpath: //a[contains(text(),'Log in')]]
2023-07-23 23:07:118 INFO  LoginPage :53 - Enter Email : [[ChromeDriver: chrome on windows (ab098ad666a2b8b0e1640d5e17c5eac5)] -> xpath: //input[@id='Email']]
2023-07-23 23:07:163 INFO  LoginPage :59 - Enter Email : [[ChromeDriver: chrome on windows (ab098ad666a2b8b0e1640d5e17c5eac5)] -> xpath: //input[@id='Password']]
2023-07-23 23:07:494 INFO  LoginPage :65 - Click on Login Button [[ChromeDriver: chrome on windows (ab098ad666a2b8b0e1640d5e17c5eac5)] -> xpath: //button[contains(text(),'Log in')]]
2023-07-23 23:07:794 INFO  HomePage :33 - Click on Login Link [[ChromeDriver: chrome on windows (4015342e8f44a23605b7311b1c276714)] -> xpath: //a[contains(text(),'Log in')]]
2023-07-23 23:07:841 INFO  LoginPage :53 - Enter Email : [[ChromeDriver: chrome on windows (4015342e8f44a23605b7311b1c276714)] -> xpath: //input[@id='Email']]
2023-07-23 23:07:882 INFO  LoginPage :59 - Enter Email : [[ChromeDriver: chrome on windows (4015342e8f44a23605b7311b1c276714)] -> xpath: //input[@id='Password']]
2023-07-23 23:07:194 INFO  LoginPage :65 - Click on Login Button [[ChromeDriver: chrome on windows (4015342e8f44a23605b7311b1c276714)] -> xpath: //button[contains(text(),'Log in')]]
2023-07-23 23:07:924 INFO  HomePage :33 - Click on Login Link [[ChromeDriver: chrome on windows (a0c2497e2de1d99c4ffcb669f7181052)] -> xpath: //a[contains(text(),'Log in')]]
2023-07-23 23:07:946 INFO  LoginPage :47 - Getting text from : [[ChromeDriver: chrome on windows (a0c2497e2de1d99c4ffcb669f7181052)] -> xpath: //h1[contains(text(),'Welcome, Please Sign In!')]]
2023-07-23 23:07:187 INFO  HomePage :33 - Click on Login Link [[ChromeDriver: chrome on windows (10f3d7a0bacc36b9840ffa0f2bc28607)] -> xpath: //a[contains(text(),'Log in')]]
2023-07-23 23:07:238 INFO  LoginPage :53 - Enter Email : [[ChromeDriver: chrome on windows (10f3d7a0bacc36b9840ffa0f2bc28607)] -> xpath: //input[@id='Email']]
2023-07-23 23:07:283 INFO  LoginPage :59 - Enter Email : [[ChromeDriver: chrome on windows (10f3d7a0bacc36b9840ffa0f2bc28607)] -> xpath: //input[@id='Password']]
2023-07-23 23:07:567 INFO  LoginPage :65 - Click on Login Button [[ChromeDriver: chrome on windows (10f3d7a0bacc36b9840ffa0f2bc28607)] -> xpath: //button[contains(text(),'Log in')]]
2023-07-23 23:07:833 INFO  HomePage :33 - Click on Login Link [[ChromeDriver: chrome on windows (bb4043bfa44c557711b09e2251a44601)] -> xpath: //a[contains(text(),'Log in')]]
2023-07-23 23:07:883 INFO  LoginPage :53 - Enter Email : [[ChromeDriver: chrome on windows (bb4043bfa44c557711b09e2251a44601)] -> xpath: //input[@id='Email']]
2023-07-23 23:07:927 INFO  LoginPage :59 - Enter Email : [[ChromeDriver: chrome on windows (bb4043bfa44c557711b09e2251a44601)] -> xpath: //input[@id='Password']]
2023-07-23 23:07:222 INFO  LoginPage :65 - Click on Login Button [[ChromeDriver: chrome on windows (bb4043bfa44c557711b09e2251a44601)] -> xpath: //button[contains(text(),'Log in')]]
2023-07-23 23:07:303 INFO  HomePage :33 - Click on Login Link [[ChromeDriver: chrome on windows (110c47da1994abac5ba67b66fa7f71bd)] -> xpath: //a[contains(text(),'Log in')]]
2023-07-23 23:07:329 INFO  LoginPage :47 - Getting text from : [[ChromeDriver: chrome on windows (110c47da1994abac5ba67b66fa7f71bd)] -> xpath: //h1[contains(text(),'Welcome, Please Sign In!')]]
2023-07-23 23:07:619 INFO  HomePage :33 - Click on Login Link [[ChromeDriver: chrome on windows (3c1accea861975d19d6f2d7e7920a60c)] -> xpath: //a[contains(text(),'Log in')]]
2023-07-23 23:07:669 INFO  LoginPage :53 - Enter Email : [[ChromeDriver: chrome on windows (3c1accea861975d19d6f2d7e7920a60c)] -> xpath: //input[@id='Email']]
2023-07-23 23:07:715 INFO  LoginPage :59 - Enter Email : [[ChromeDriver: chrome on windows (3c1accea861975d19d6f2d7e7920a60c)] -> xpath: //input[@id='Password']]
2023-07-23 23:07:991 INFO  LoginPage :65 - Click on Login Button [[ChromeDriver: chrome on windows (3c1accea861975d19d6f2d7e7920a60c)] -> xpath: //button[contains(text(),'Log in')]]
2023-07-23 23:07:250 INFO  HomePage :33 - Click on Login Link [[ChromeDriver: chrome on windows (6e13475022a76491b24d90a17dab2551)] -> xpath: //a[contains(text(),'Log in')]]
2023-07-23 23:07:301 INFO  LoginPage :53 - Enter Email : [[ChromeDriver: chrome on windows (6e13475022a76491b24d90a17dab2551)] -> xpath: //input[@id='Email']]
2023-07-23 23:07:346 INFO  LoginPage :59 - Enter Email : [[ChromeDriver: chrome on windows (6e13475022a76491b24d90a17dab2551)] -> xpath: //input[@id='Password']]
2023-07-23 23:07:632 INFO  LoginPage :65 - Click on Login Button [[ChromeDriver: chrome on windows (6e13475022a76491b24d90a17dab2551)] -> xpath: //button[contains(text(),'Log in')]]
2023-07-23 23:07:402 INFO  HomePage :33 - Click on Login Link [[ChromeDriver: chrome on windows (332cfd44f39374579f15da002d53eba0)] -> xpath: //a[contains(text(),'Log in')]]
2023-07-23 23:07:431 INFO  LoginPage :47 - Getting text from : [[ChromeDriver: chrome on windows (332cfd44f39374579f15da002d53eba0)] -> xpath: //h1[contains(text(),'Welcome, Please Sign In!')]]
2023-07-23 23:07:603 INFO  HomePage :33 - Click on Login Link [[ChromeDriver: chrome on windows (3dd724c81b26937b2ea9895e1072fbc7)] -> xpath: //a[contains(text(),'Log in')]]
2023-07-23 23:07:659 INFO  LoginPage :53 - Enter Email : [[ChromeDriver: chrome on windows (3dd724c81b26937b2ea9895e1072fbc7)] -> xpath: //input[@id='Email']]
2023-07-23 23:07:711 INFO  LoginPage :59 - Enter Email : [[ChromeDriver: chrome on windows (3dd724c81b26937b2ea9895e1072fbc7)] -> xpath: //input[@id='Password']]
2023-07-23 23:07:993 INFO  LoginPage :65 - Click on Login Button [[ChromeDriver: chrome on windows (3dd724c81b26937b2ea9895e1072fbc7)] -> xpath: //button[contains(text(),'Log in')]]
2023-07-23 23:07:295 INFO  HomePage :33 - Click on Login Link [[ChromeDriver: chrome on windows (58d0502bbc25ffa7046be0eadaf559df)] -> xpath: //a[contains(text(),'Log in')]]
2023-07-23 23:07:344 INFO  LoginPage :53 - Enter Email : [[ChromeDriver: chrome on windows (58d0502bbc25ffa7046be0eadaf559df)] -> xpath: //input[@id='Email']]
2023-07-23 23:07:391 INFO  LoginPage :59 - Enter Email : [[ChromeDriver: chrome on windows (58d0502bbc25ffa7046be0eadaf559df)] -> xpath: //input[@id='Password']]
2023-07-23 23:07:679 INFO  LoginPage :65 - Click on Login Button [[ChromeDriver: chrome on windows (58d0502bbc25ffa7046be0eadaf559df)] -> xpath: //button[contains(text(),'Log in')]]
2023-07-23 23:07:98 INFO  HomePage :33 - Click on Login Link [[ChromeDriver: chrome on windows (72604dfff2a4e55445a6e9d686aa60a3)] -> xpath: //a[contains(text(),'Log in')]]
2023-07-23 23:07:124 INFO  LoginPage :47 - Getting text from : [[ChromeDriver: chrome on windows (72604dfff2a4e55445a6e9d686aa60a3)] -> xpath: //h1[contains(text(),'Welcome, Please Sign In!')]]
2023-07-23 23:07:853 INFO  HomePage :33 - Click on Login Link [[ChromeDriver: chrome on windows (f2573a343b6ab5d23106a450b9ab1663)] -> xpath: //a[contains(text(),'Log in')]]
2023-07-23 23:07:904 INFO  LoginPage :53 - Enter Email : [[ChromeDriver: chrome on windows (f2573a343b6ab5d23106a450b9ab1663)] -> xpath: //input[@id='Email']]
2023-07-23 23:07:949 INFO  LoginPage :59 - Enter Email : [[ChromeDriver: chrome on windows (f2573a343b6ab5d23106a450b9ab1663)] -> xpath: //input[@id='Password']]
2023-07-23 23:07:271 INFO  LoginPage :65 - Click on Login Button [[ChromeDriver: chrome on windows (f2573a343b6ab5d23106a450b9ab1663)] -> xpath: //button[contains(text(),'Log in')]]
2023-07-23 23:07:602 INFO  HomePage :33 - Click on Login Link [[ChromeDriver: chrome on windows (fde11666267cf262d647ff8b539dab31)] -> xpath: //a[contains(text(),'Log in')]]
2023-07-23 23:07:652 INFO  LoginPage :53 - Enter Email : [[ChromeDriver: chrome on windows (fde11666267cf262d647ff8b539dab31)] -> xpath: //input[@id='Email']]
2023-07-23 23:07:697 INFO  LoginPage :59 - Enter Email : [[ChromeDriver: chrome on windows (fde11666267cf262d647ff8b539dab31)] -> xpath: //input[@id='Password']]
2023-07-23 23:07:00 INFO  LoginPage :65 - Click on Login Button [[ChromeDriver: chrome on windows (fde11666267cf262d647ff8b539dab31)] -> xpath: //button[contains(text(),'Log in')]]
2023-07-23 23:07:797 INFO  HomePage :33 - Click on Login Link [[ChromeDriver: chrome on windows (e5193faec98b3bedf4e6b02f24640b0b)] -> xpath: //a[contains(text(),'Log in')]]
2023-07-23 23:07:852 INFO  LoginPage :53 - Enter Email : [[ChromeDriver: chrome on windows (e5193faec98b3bedf4e6b02f24640b0b)] -> xpath: //input[@id='Email']]
2023-07-23 23:07:900 INFO  LoginPage :59 - Enter Email : [[ChromeDriver: chrome on windows (e5193faec98b3bedf4e6b02f24640b0b)] -> xpath: //input[@id='Password']]
2023-07-23 23:07:135 INFO  LoginPage :65 - Click on Login Button [[ChromeDriver: chrome on windows (e5193faec98b3bedf4e6b02f24640b0b)] -> xpath: //button[contains(text(),'Log in')]]
2023-07-23 23:07:712 INFO  HomePage :33 - Click on Login Link [[ChromeDriver: chrome on windows (f356a8372815a73f31405fc545e5bdf3)] -> xpath: //a[contains(text(),'Log in')]]
2023-07-23 23:07:732 INFO  LoginPage :47 - Getting text from : [[ChromeDriver: chrome on windows (f356a8372815a73f31405fc545e5bdf3)] -> xpath: //h1[contains(text(),'Welcome, Please Sign In!')]]
2023-07-23 23:07:839 INFO  HomePage :33 - Click on Login Link [[ChromeDriver: chrome on windows (a2834697caad894a8ec0018c08370249)] -> xpath: //a[contains(text(),'Log in')]]
2023-07-23 23:07:894 INFO  LoginPage :53 - Enter Email : [[ChromeDriver: chrome on windows (a2834697caad894a8ec0018c08370249)] -> xpath: //input[@id='Email']]
2023-07-23 23:07:942 INFO  LoginPage :59 - Enter Email : [[ChromeDriver: chrome on windows (a2834697caad894a8ec0018c08370249)] -> xpath: //input[@id='Password']]
2023-07-23 23:07:253 INFO  LoginPage :65 - Click on Login Button [[ChromeDriver: chrome on windows (a2834697caad894a8ec0018c08370249)] -> xpath: //button[contains(text(),'Log in')]]
2023-07-23 23:07:603 INFO  HomePage :33 - Click on Login Link [[ChromeDriver: chrome on windows (99fce9d7e4feddfc155899e3a5c52154)] -> xpath: //a[contains(text(),'Log in')]]
2023-07-23 23:07:657 INFO  LoginPage :53 - Enter Email : [[ChromeDriver: chrome on windows (99fce9d7e4feddfc155899e3a5c52154)] -> xpath: //input[@id='Email']]
2023-07-23 23:07:702 INFO  LoginPage :59 - Enter Email : [[ChromeDriver: chrome on windows (99fce9d7e4feddfc155899e3a5c52154)] -> xpath: //input[@id='Password']]
2023-07-23 23:07:05 INFO  LoginPage :65 - Click on Login Button [[ChromeDriver: chrome on windows (99fce9d7e4feddfc155899e3a5c52154)] -> xpath: //button[contains(text(),'Log in')]]
2023-07-23 23:07:722 INFO  HomePage :33 - Click on Login Link [[ChromeDriver: chrome on windows (b0e9b597997dbd14bac7186f253a1c7c)] -> xpath: //a[contains(text(),'Log in')]]
2023-07-23 23:07:746 INFO  LoginPage :47 - Getting text from : [[ChromeDriver: chrome on windows (b0e9b597997dbd14bac7186f253a1c7c)] -> xpath: //h1[contains(text(),'Welcome, Please Sign In!')]]
2023-07-23 23:07:896 INFO  HomePage :33 - Click on Login Link [[ChromeDriver: chrome on windows (b6eaa03fd99b1fd24d2c17d72e66a50f)] -> xpath: //a[contains(text(),'Log in')]]
2023-07-23 23:07:946 INFO  LoginPage :53 - Enter Email : [[ChromeDriver: chrome on windows (b6eaa03fd99b1fd24d2c17d72e66a50f)] -> xpath: //input[@id='Email']]
2023-07-23 23:07:993 INFO  LoginPage :59 - Enter Email : [[ChromeDriver: chrome on windows (b6eaa03fd99b1fd24d2c17d72e66a50f)] -> xpath: //input[@id='Password']]
2023-07-23 23:07:276 INFO  LoginPage :65 - Click on Login Button [[ChromeDriver: chrome on windows (b6eaa03fd99b1fd24d2c17d72e66a50f)] -> xpath: //button[contains(text(),'Log in')]]
2023-07-23 23:07:624 INFO  HomePage :33 - Click on Login Link [[ChromeDriver: chrome on windows (eb98a9f2f3467f1fa1930613facea6f9)] -> xpath: //a[contains(text(),'Log in')]]
2023-07-23 23:07:672 INFO  LoginPage :53 - Enter Email : [[ChromeDriver: chrome on windows (eb98a9f2f3467f1fa1930613facea6f9)] -> xpath: //input[@id='Email']]
2023-07-23 23:07:719 INFO  LoginPage :59 - Enter Email : [[ChromeDriver: chrome on windows (eb98a9f2f3467f1fa1930613facea6f9)] -> xpath: //input[@id='Password']]
2023-07-23 23:07:17 INFO  LoginPage :65 - Click on Login Button [[ChromeDriver: chrome on windows (eb98a9f2f3467f1fa1930613facea6f9)] -> xpath: //button[contains(text(),'Log in')]]
2023-07-24 15:07:877 INFO  HomePage :33 - Click on Login Link [[ChromeDriver: chrome on windows (8fc7303ec997491514e947309a412338)] -> xpath: //a[contains(text(),'Log in')]]
2023-07-24 15:07:899 INFO  LoginPage :47 - Getting text from : [[ChromeDriver: chrome on windows (8fc7303ec997491514e947309a412338)] -> xpath: //h1[contains(text(),'Welcome, Please Sign In!')]]
2023-07-24 15:07:282 INFO  HomePage :33 - Click on Login Link [[ChromeDriver: chrome on windows (fbc9b5faff90721895ac6fbdeaad4b2e)] -> xpath: //a[contains(text(),'Log in')]]
2023-07-24 15:07:337 INFO  LoginPage :53 - Enter Email : [[ChromeDriver: chrome on windows (fbc9b5faff90721895ac6fbdeaad4b2e)] -> xpath: //input[@id='Email']]
2023-07-24 15:07:382 INFO  LoginPage :59 - Enter Email : [[ChromeDriver: chrome on windows (fbc9b5faff90721895ac6fbdeaad4b2e)] -> xpath: //input[@id='Password']]
2023-07-24 15:07:666 INFO  LoginPage :65 - Click on Login Button [[ChromeDriver: chrome on windows (fbc9b5faff90721895ac6fbdeaad4b2e)] -> xpath: //button[contains(text(),'Log in')]]
2023-07-24 15:07:61 INFO  HomePage :33 - Click on Login Link [[ChromeDriver: chrome on windows (6ee7491c656aa8be2b89ccbd65e9ccce)] -> xpath: //a[contains(text(),'Log in')]]
2023-07-24 15:07:109 INFO  LoginPage :53 - Enter Email : [[ChromeDriver: chrome on windows (6ee7491c656aa8be2b89ccbd65e9ccce)] -> xpath: //input[@id='Email']]
2023-07-24 15:07:154 INFO  LoginPage :59 - Enter Email : [[ChromeDriver: chrome on windows (6ee7491c656aa8be2b89ccbd65e9ccce)] -> xpath: //input[@id='Password']]
2023-07-24 15:07:458 INFO  LoginPage :65 - Click on Login Button [[ChromeDriver: chrome on windows (6ee7491c656aa8be2b89ccbd65e9ccce)] -> xpath: //button[contains(text(),'Log in')]]
2023-07-24 15:07:706 INFO  HomePage :33 - Click on Login Link [[ChromeDriver: chrome on windows (6dfa7f4b05e7408c920e21163bafcf1c)] -> xpath: //a[contains(text(),'Log in')]]
2023-07-24 15:07:757 INFO  LoginPage :53 - Enter Email : [[ChromeDriver: chrome on windows (6dfa7f4b05e7408c920e21163bafcf1c)] -> xpath: //input[@id='Email']]
2023-07-24 15:07:806 INFO  LoginPage :59 - Enter Email : [[ChromeDriver: chrome on windows (6dfa7f4b05e7408c920e21163bafcf1c)] -> xpath: //input[@id='Password']]
2023-07-24 15:07:102 INFO  LoginPage :65 - Click on Login Button [[ChromeDriver: chrome on windows (6dfa7f4b05e7408c920e21163bafcf1c)] -> xpath: //button[contains(text(),'Log in')]]
2023-07-24 15:07:286 INFO  HomePage :33 - Click on Login Link [[ChromeDriver: chrome on windows (60d9996400c6074a06e1cbb97fd4e520)] -> xpath: //a[contains(text(),'Log in')]]
2023-07-24 15:07:342 INFO  LoginPage :53 - Enter Email : [[ChromeDriver: chrome on windows (60d9996400c6074a06e1cbb97fd4e520)] -> xpath: //input[@id='Email']]
2023-07-24 15:07:394 INFO  LoginPage :59 - Enter Email : [[ChromeDriver: chrome on windows (60d9996400c6074a06e1cbb97fd4e520)] -> xpath: //input[@id='Password']]
2023-07-24 15:07:680 INFO  LoginPage :65 - Click on Login Button [[ChromeDriver: chrome on windows (60d9996400c6074a06e1cbb97fd4e520)] -> xpath: //button[contains(text(),'Log in')]]
2023-07-24 15:07:363 INFO  HomePage :33 - Click on Login Link [[ChromeDriver: chrome on windows (56447da2d959ad985eb7d66c2704288c)] -> xpath: //a[contains(text(),'Log in')]]
2023-07-24 15:07:387 INFO  LoginPage :47 - Getting text from : [[ChromeDriver: chrome on windows (56447da2d959ad985eb7d66c2704288c)] -> xpath: //h1[contains(text(),'Welcome, Please Sign In!')]]
2023-07-24 15:07:608 INFO  HomePage :33 - Click on Login Link [[ChromeDriver: chrome on windows (0670412d4443c0ba434882d7333af44b)] -> xpath: //a[contains(text(),'Log in')]]
2023-07-24 15:07:658 INFO  LoginPage :53 - Enter Email : [[ChromeDriver: chrome on windows (0670412d4443c0ba434882d7333af44b)] -> xpath: //input[@id='Email']]
2023-07-24 15:07:705 INFO  LoginPage :59 - Enter Email : [[ChromeDriver: chrome on windows (0670412d4443c0ba434882d7333af44b)] -> xpath: //input[@id='Password']]
2023-07-24 15:07:12 INFO  LoginPage :65 - Click on Login Button [[ChromeDriver: chrome on windows (0670412d4443c0ba434882d7333af44b)] -> xpath: //button[contains(text(),'Log in')]]
2023-07-24 15:07:237 INFO  HomePage :33 - Click on Login Link [[ChromeDriver: chrome on windows (a1605505bcc73748b47eae1332f9a93a)] -> xpath: //a[contains(text(),'Log in')]]
2023-07-24 15:07:288 INFO  LoginPage :53 - Enter Email : [[ChromeDriver: chrome on windows (a1605505bcc73748b47eae1332f9a93a)] -> xpath: //input[@id='Email']]
2023-07-24 15:07:333 INFO  LoginPage :59 - Enter Email : [[ChromeDriver: chrome on windows (a1605505bcc73748b47eae1332f9a93a)] -> xpath: //input[@id='Password']]
2023-07-24 15:07:617 INFO  LoginPage :65 - Click on Login Button [[ChromeDriver: chrome on windows (a1605505bcc73748b47eae1332f9a93a)] -> xpath: //button[contains(text(),'Log in')]]
2023-07-25 19:07:341 INFO  ComputerPage :39 - Click on Login Button [[ChromeDriver: chrome on windows (a1be94a62502987ee68bcaf6e9a9ad5a)] -> xpath: //body/div[6]/div[2]/ul[1]/li[1]/a[1]]
2023-07-25 19:07:422 INFO  ComputerPage :44 - Getting text from : [[ChromeDriver: chrome on windows (a1be94a62502987ee68bcaf6e9a9ad5a)] -> xpath: //h1[contains(text(),'Computers')]]
2023-07-25 19:07:923 INFO  ComputerPage :53 -  mouseHoverOnComputer  [[ChromeDriver: chrome on windows (34b529046e70b53b77617ef8679273bc)] -> xpath: //body/div[6]/div[2]/ul[1]/li[1]/a[1]]
2023-07-25 19:07:199 INFO  BuildYourOwnComputerPage :88 - Click on desktopLink [[ChromeDriver: chrome on windows (34b529046e70b53b77617ef8679273bc)] -> xpath: //body/div[6]/div[2]/ul[1]/li[1]/ul[1]/li[1]/a[1]]
2023-07-25 19:07:229 INFO  ComputerPage :64 - Getting text from : [[ChromeDriver: chrome on windows (34b529046e70b53b77617ef8679273bc)] -> xpath: //h1[contains(text(),'Desktops')]]
2023-07-25 19:07:418 INFO  ComputerPage :53 -  mouseHoverOnComputer  [[ChromeDriver: chrome on windows (3ad2e41c731f34b86f2bbcf55da16c48)] -> xpath: //body/div[6]/div[2]/ul[1]/li[1]/a[1]]
2023-07-25 19:07:890 INFO  BuildYourOwnComputerPage :88 - Click on desktopLink [[ChromeDriver: chrome on windows (3ad2e41c731f34b86f2bbcf55da16c48)] -> xpath: //body/div[6]/div[2]/ul[1]/li[1]/ul[1]/li[1]/a[1]]
2023-07-25 19:07:778 INFO  BuildYourOwnComputerPage :93 - Click on BuildComputer [[ChromeDriver: chrome on windows (3ad2e41c731f34b86f2bbcf55da16c48)] -> xpath: //body/div[6]/div[3]/div[1]/div[3]/div[1]/div[2]/div[2]/div[2]/div[1]/div[1]/div[1]/div[1]/div[2]/h2[1]/a[1]]
2023-07-25 19:07:54 INFO  BuildYourOwnComputerPage :171 - Click on addToCart [[ChromeDriver: chrome on windows (3ad2e41c731f34b86f2bbcf55da16c48)] -> xpath: //button[@id='add-to-cart-button-1']]
2023-07-25 19:07:775 INFO  HomePage :33 - Click on Login Link [[ChromeDriver: chrome on windows (5d7b29155c7ad04e56d3191dc34cd8ff)] -> xpath: //a[contains(text(),'Log in')]]
2023-07-25 19:07:928 INFO  LoginPage :47 - Getting text from : [[ChromeDriver: chrome on windows (5d7b29155c7ad04e56d3191dc34cd8ff)] -> xpath: //h1[contains(text(),'Welcome, Please Sign In!')]]
2023-07-25 19:07:887 INFO  HomePage :33 - Click on Login Link [[ChromeDriver: chrome on windows (4991000a107a4dba262b7f937392a6f7)] -> xpath: //a[contains(text(),'Log in')]]
2023-07-25 19:07:90 INFO  LoginPage :53 - Enter Email : [[ChromeDriver: chrome on windows (4991000a107a4dba262b7f937392a6f7)] -> xpath: //input[@id='Email']]
2023-07-25 19:07:269 INFO  LoginPage :59 - Enter Email : [[ChromeDriver: chrome on windows (4991000a107a4dba262b7f937392a6f7)] -> xpath: //input[@id='Password']]
2023-07-25 19:07:922 INFO  LoginPage :65 - Click on Login Button [[ChromeDriver: chrome on windows (4991000a107a4dba262b7f937392a6f7)] -> xpath: //button[contains(text(),'Log in')]]
2023-07-25 19:07:976 INFO  HomePage :33 - Click on Login Link [[ChromeDriver: chrome on windows (dc946bd3814f4c4f4d9817831133741c)] -> xpath: //a[contains(text(),'Log in')]]
2023-07-25 19:07:352 INFO  LoginPage :53 - Enter Email : [[ChromeDriver: chrome on windows (dc946bd3814f4c4f4d9817831133741c)] -> xpath: //input[@id='Email']]
2023-07-25 19:07:666 INFO  LoginPage :59 - Enter Email : [[ChromeDriver: chrome on windows (dc946bd3814f4c4f4d9817831133741c)] -> xpath: //input[@id='Password']]
2023-07-25 19:07:492 INFO  LoginPage :65 - Click on Login Button [[ChromeDriver: chrome on windows (dc946bd3814f4c4f4d9817831133741c)] -> xpath: //button[contains(text(),'Log in')]]
2023-07-25 19:07:910 INFO  HomePage :39 - Click on register Link [[ChromeDriver: chrome on windows (7214dd424f299fd12ec8cfaadcca6193)] -> xpath: //a[contains(text(),'Register')]]
2023-07-25 19:07:25 INFO  RegisterPage :94 - Getting text from : [[ChromeDriver: chrome on windows (7214dd424f299fd12ec8cfaadcca6193)] -> xpath: //h1[contains(text(),'Register')]]
2023-07-25 19:07:423 INFO  HomePage :39 - Click on register Link [[ChromeDriver: chrome on windows (81f19809128693182800183f529c8c0d)] -> xpath: //a[contains(text(),'Register')]]
2023-07-25 19:07:595 INFO  RegisterPage :101 - Click on Button [[ChromeDriver: chrome on windows (81f19809128693182800183f529c8c0d)] -> xpath: //button[@id='register-button']]
2023-07-25 19:07:640 INFO  RegisterPage :106 - Enter First Name : [[ChromeDriver: chrome on windows (81f19809128693182800183f529c8c0d)] -> xpath: //span[@id='FirstName-error']]
2023-07-25 19:07:775 INFO  RegisterPage :112 - Enter First Name : [[ChromeDriver: chrome on windows (81f19809128693182800183f529c8c0d)] -> xpath: //span[@id='LastName-error']]
2023-07-25 19:07:888 INFO  RegisterPage :118 - Enter First Name : [[ChromeDriver: chrome on windows (81f19809128693182800183f529c8c0d)] -> xpath: //span[@id='Email-error']]
2023-07-25 19:07:998 INFO  RegisterPage :123 - Enter First Name : [[ChromeDriver: chrome on windows (81f19809128693182800183f529c8c0d)] -> xpath: //span[@id='Password-error']]
2023-07-25 19:07:94 INFO  RegisterPage :128 - Enter First Name : [[ChromeDriver: chrome on windows (81f19809128693182800183f529c8c0d)] -> xpath: //span[@id='ConfirmPassword-error']]
2023-07-25 19:07:922 INFO  HomePage :39 - Click on register Link [[ChromeDriver: chrome on windows (c3ef03baab6ccc37df613001e1ba54ba)] -> xpath: //a[contains(text(),'Register')]]
2023-07-25 19:07:184 INFO  RegisterPage :138 - Click on Button [[ChromeDriver: chrome on windows (c3ef03baab6ccc37df613001e1ba54ba)] -> xpath: //input[@id='gender-female']]
2023-07-25 19:07:504 INFO  RegisterPage :144 - Enter First Name : [[ChromeDriver: chrome on windows (c3ef03baab6ccc37df613001e1ba54ba)] -> xpath: //input[@id='FirstName']]
2023-07-25 19:07:744 INFO  RegisterPage :150 - Enter Last Name : [[ChromeDriver: chrome on windows (c3ef03baab6ccc37df613001e1ba54ba)] -> xpath: //input[@id='LastName']]
2023-07-25 19:07:997 INFO  RegisterPage :157 - Select Day : [[ChromeDriver: chrome on windows (c3ef03baab6ccc37df613001e1ba54ba)] -> name: DateOfBirthDay]
2023-07-25 19:07:317 INFO  RegisterPage :164 - Select Month : [[ChromeDriver: chrome on windows (c3ef03baab6ccc37df613001e1ba54ba)] -> name: DateOfBirthMonth]
2023-07-25 19:07:627 INFO  RegisterPage :170 - Select Year : [[ChromeDriver: chrome on windows (c3ef03baab6ccc37df613001e1ba54ba)] -> name: DateOfBirthYear]
2023-07-25 19:07:930 INFO  RegisterPage :175 - Enter Email : [[ChromeDriver: chrome on windows (c3ef03baab6ccc37df613001e1ba54ba)] -> xpath: //input[@id='Email']]
2023-07-25 19:07:209 INFO  RegisterPage :180 - Enter password : [[ChromeDriver: chrome on windows (c3ef03baab6ccc37df613001e1ba54ba)] -> xpath: //input[@id='Password']]
2023-07-25 19:07:477 INFO  RegisterPage :186 - Enter password : [[ChromeDriver: chrome on windows (c3ef03baab6ccc37df613001e1ba54ba)] -> xpath: //input[@id='ConfirmPassword']]
2023-07-25 19:07:608 INFO  RegisterPage :101 - Click on Button [[ChromeDriver: chrome on windows (c3ef03baab6ccc37df613001e1ba54ba)] -> xpath: //button[@id='register-button']]
2023-07-25 19:07:668 INFO  RegisterPage :197 - Getting text from : [[ChromeDriver: chrome on windows (c3ef03baab6ccc37df613001e1ba54ba)] -> xpath: //div[contains(text(),'Your registration completed')]]
